{"/Users/noel/Desktop/AGENCIA SERVITEC/korekenke/packages/hosting/src/App.js": {"path":"/Users/noel/Desktop/AGENCIA SERVITEC/korekenke/packages/hosting/src/App.js","statementMap":{"0":{"start":{"line":11,"column":12},"end":{"line":25,"column":1}},"1":{"start":{"line":12,"column":2},"end":{"line":24,"column":4}}},"fnMap":{"0":{"name":"(anonymous_0)","decl":{"start":{"line":11,"column":12},"end":{"line":11,"column":13}},"loc":{"start":{"line":11,"column":18},"end":{"line":25,"column":1}},"line":11}},"branchMap":{},"s":{"0":0,"1":0},"f":{"0":0},"b":{}}
,"/Users/noel/Desktop/AGENCIA SERVITEC/korekenke/packages/hosting/src/ScrollTop.js": {"path":"/Users/noel/Desktop/AGENCIA SERVITEC/korekenke/packages/hosting/src/ScrollTop.js","statementMap":{"0":{"start":{"line":4,"column":25},"end":{"line":12,"column":1}},"1":{"start":{"line":5,"column":19},"end":{"line":5,"column":32}},"2":{"start":{"line":7,"column":2},"end":{"line":9,"column":17}},"3":{"start":{"line":8,"column":4},"end":{"line":8,"column":26}},"4":{"start":{"line":11,"column":2},"end":{"line":11,"column":18}}},"fnMap":{"0":{"name":"(anonymous_0)","decl":{"start":{"line":4,"column":25},"end":{"line":4,"column":26}},"loc":{"start":{"line":4,"column":43},"end":{"line":12,"column":1}},"line":4},"1":{"name":"(anonymous_1)","decl":{"start":{"line":7,"column":12},"end":{"line":7,"column":13}},"loc":{"start":{"line":7,"column":18},"end":{"line":9,"column":3}},"line":7}},"branchMap":{},"s":{"0":0,"1":0,"2":0,"3":0,"4":0},"f":{"0":0,"1":0},"b":{}}
,"/Users/noel/Desktop/AGENCIA SERVITEC/korekenke/packages/hosting/src/index.js": {"path":"/Users/noel/Desktop/AGENCIA SERVITEC/korekenke/packages/hosting/src/index.js","statementMap":{"0":{"start":{"line":12,"column":13},"end":{"line":12,"column":65}},"1":{"start":{"line":14,"column":0},"end":{"line":23,"column":2}},"2":{"start":{"line":28,"column":0},"end":{"line":28,"column":29}}},"fnMap":{},"branchMap":{},"s":{"0":0,"1":0,"2":0},"f":{},"b":{}}
,"/Users/noel/Desktop/AGENCIA SERVITEC/korekenke/packages/hosting/src/reportWebVitals.js": {"path":"/Users/noel/Desktop/AGENCIA SERVITEC/korekenke/packages/hosting/src/reportWebVitals.js","statementMap":{"0":{"start":{"line":1,"column":24},"end":{"line":11,"column":1}},"1":{"start":{"line":2,"column":2},"end":{"line":10,"column":3}},"2":{"start":{"line":3,"column":4},"end":{"line":9,"column":7}},"3":{"start":{"line":4,"column":6},"end":{"line":4,"column":26}},"4":{"start":{"line":5,"column":6},"end":{"line":5,"column":26}},"5":{"start":{"line":6,"column":6},"end":{"line":6,"column":26}},"6":{"start":{"line":7,"column":6},"end":{"line":7,"column":26}},"7":{"start":{"line":8,"column":6},"end":{"line":8,"column":27}}},"fnMap":{"0":{"name":"(anonymous_0)","decl":{"start":{"line":1,"column":24},"end":{"line":1,"column":25}},"loc":{"start":{"line":1,"column":41},"end":{"line":11,"column":1}},"line":1},"1":{"name":"(anonymous_1)","decl":{"start":{"line":3,"column":30},"end":{"line":3,"column":31}},"loc":{"start":{"line":3,"column":79},"end":{"line":9,"column":5}},"line":3}},"branchMap":{"0":{"loc":{"start":{"line":2,"column":2},"end":{"line":10,"column":3}},"type":"if","locations":[{"start":{"line":2,"column":2},"end":{"line":10,"column":3}},{"start":{},"end":{}}],"line":2},"1":{"loc":{"start":{"line":2,"column":6},"end":{"line":2,"column":52}},"type":"binary-expr","locations":[{"start":{"line":2,"column":6},"end":{"line":2,"column":17}},{"start":{"line":2,"column":21},"end":{"line":2,"column":52}}],"line":2}},"s":{"0":0,"1":0,"2":0,"3":0,"4":0,"5":0,"6":0,"7":0},"f":{"0":0,"1":0},"b":{"0":[0,0],"1":[0,0]}}
,"/Users/noel/Desktop/AGENCIA SERVITEC/korekenke/packages/hosting/src/api/apiErrors.js": {"path":"/Users/noel/Desktop/AGENCIA SERVITEC/korekenke/packages/hosting/src/api/apiErrors.js","statementMap":{"0":{"start":{"line":5,"column":35},"end":{"line":18,"column":1}},"1":{"start":{"line":6,"column":2},"end":{"line":17,"column":3}},"2":{"start":{"line":7,"column":4},"end":{"line":13,"column":5}},"3":{"start":{"line":8,"column":6},"end":{"line":12,"column":7}},"4":{"start":{"line":9,"column":8},"end":{"line":9,"column":32}},"5":{"start":{"line":11,"column":8},"end":{"line":11,"column":24}},"6":{"start":{"line":15,"column":4},"end":{"line":15,"column":21}},"7":{"start":{"line":16,"column":4},"end":{"line":16,"column":20}},"8":{"start":{"line":20,"column":36},"end":{"line":21,"column":77}},"9":{"start":{"line":21,"column":2},"end":{"line":21,"column":77}},"10":{"start":{"line":23,"column":29},"end":{"line":32,"column":1}},"11":{"start":{"line":24,"column":23},"end":{"line":24,"column":49}},"12":{"start":{"line":25,"column":29},"end":{"line":25,"column":61}},"13":{"start":{"line":27,"column":2},"end":{"line":31,"column":5}},"14":{"start":{"line":34,"column":26},"end":{"line":34,"column":71}},"15":{"start":{"line":34,"column":36},"end":{"line":34,"column":71}}},"fnMap":{"0":{"name":"(anonymous_0)","decl":{"start":{"line":5,"column":35},"end":{"line":5,"column":36}},"loc":{"start":{"line":5,"column":49},"end":{"line":18,"column":1}},"line":5},"1":{"name":"(anonymous_1)","decl":{"start":{"line":20,"column":36},"end":{"line":20,"column":37}},"loc":{"start":{"line":21,"column":2},"end":{"line":21,"column":77}},"line":21},"2":{"name":"(anonymous_2)","decl":{"start":{"line":23,"column":29},"end":{"line":23,"column":30}},"loc":{"start":{"line":23,"column":38},"end":{"line":32,"column":1}},"line":23},"3":{"name":"(anonymous_3)","decl":{"start":{"line":34,"column":26},"end":{"line":34,"column":27}},"loc":{"start":{"line":34,"column":36},"end":{"line":34,"column":71}},"line":34}},"branchMap":{"0":{"loc":{"start":{"line":7,"column":4},"end":{"line":13,"column":5}},"type":"if","locations":[{"start":{"line":7,"column":4},"end":{"line":13,"column":5}},{"start":{},"end":{}}],"line":7},"1":{"loc":{"start":{"line":21,"column":2},"end":{"line":21,"column":77}},"type":"cond-expr","locations":[{"start":{"line":21,"column":13},"end":{"line":21,"column":43}},{"start":{"line":21,"column":46},"end":{"line":21,"column":77}}],"line":21},"2":{"loc":{"start":{"line":29,"column":21},"end":{"line":29,"column":45}},"type":"cond-expr","locations":[{"start":{"line":29,"column":27},"end":{"line":29,"column":30}},{"start":{"line":29,"column":33},"end":{"line":29,"column":45}}],"line":29},"3":{"loc":{"start":{"line":30,"column":27},"end":{"line":30,"column":57}},"type":"cond-expr","locations":[{"start":{"line":30,"column":33},"end":{"line":30,"column":36}},{"start":{"line":30,"column":39},"end":{"line":30,"column":57}}],"line":30},"4":{"loc":{"start":{"line":34,"column":36},"end":{"line":34,"column":71}},"type":"binary-expr","locations":[{"start":{"line":34,"column":36},"end":{"line":34,"column":50}},{"start":{"line":34,"column":54},"end":{"line":34,"column":71}}],"line":34}},"s":{"0":0,"1":0,"2":0,"3":0,"4":0,"5":0,"6":0,"7":0,"8":0,"9":0,"10":0,"11":0,"12":0,"13":0,"14":0,"15":0},"f":{"0":0,"1":0,"2":0,"3":0},"b":{"0":[0,0],"1":[0,0],"2":[0,0],"3":[0,0],"4":[0,0]}}
,"/Users/noel/Desktop/AGENCIA SERVITEC/korekenke/packages/hosting/src/api/index.js": {"path":"/Users/noel/Desktop/AGENCIA SERVITEC/korekenke/packages/hosting/src/api/index.js","statementMap":{},"fnMap":{},"branchMap":{},"s":{},"f":{},"b":{}}
,"/Users/noel/Desktop/AGENCIA SERVITEC/korekenke/packages/hosting/src/api/useApi.js": {"path":"/Users/noel/Desktop/AGENCIA SERVITEC/korekenke/packages/hosting/src/api/useApi.js","statementMap":{"0":{"start":{"line":4,"column":22},"end":{"line":11,"column":1}},"1":{"start":{"line":6,"column":18},"end":{"line":8,"column":3}},"2":{"start":{"line":10,"column":2},"end":{"line":10,"column":52}}},"fnMap":{"0":{"name":"(anonymous_0)","decl":{"start":{"line":4,"column":22},"end":{"line":4,"column":23}},"loc":{"start":{"line":4,"column":47},"end":{"line":11,"column":1}},"line":4}},"branchMap":{"0":{"loc":{"start":{"line":4,"column":33},"end":{"line":4,"column":42}},"type":"default-arg","locations":[{"start":{"line":4,"column":40},"end":{"line":4,"column":42}}],"line":4}},"s":{"0":0,"1":0,"2":0},"f":{"0":0},"b":{"0":[0]}}
,"/Users/noel/Desktop/AGENCIA SERVITEC/korekenke/packages/hosting/src/api/useApiCorrespondencePost.js": {"path":"/Users/noel/Desktop/AGENCIA SERVITEC/korekenke/packages/hosting/src/api/useApiCorrespondencePost.js","statementMap":{"0":{"start":{"line":10,"column":40},"end":{"line":25,"column":1}},"1":{"start":{"line":11,"column":38},"end":{"line":11,"column":63}},"2":{"start":{"line":13,"column":29},"end":{"line":18,"column":3}},"3":{"start":{"line":15,"column":6},"end":{"line":15,"column":39}},"4":{"start":{"line":20,"column":2},"end":{"line":24,"column":4}}},"fnMap":{"0":{"name":"(anonymous_0)","decl":{"start":{"line":10,"column":40},"end":{"line":10,"column":41}},"loc":{"start":{"line":10,"column":46},"end":{"line":25,"column":1}},"line":10},"1":{"name":"(anonymous_1)","decl":{"start":{"line":14,"column":4},"end":{"line":14,"column":5}},"loc":{"start":{"line":14,"column":30},"end":{"line":16,"column":5}},"line":14}},"branchMap":{},"s":{"0":0,"1":0,"2":0,"3":0,"4":0},"f":{"0":0,"1":0},"b":{}}
,"/Users/noel/Desktop/AGENCIA SERVITEC/korekenke/packages/hosting/src/api/useApiPersonDataByDniGet.js": {"path":"/Users/noel/Desktop/AGENCIA SERVITEC/korekenke/packages/hosting/src/api/useApiPersonDataByDniGet.js","statementMap":{"0":{"start":{"line":10,"column":40},"end":{"line":25,"column":1}},"1":{"start":{"line":11,"column":37},"end":{"line":11,"column":60}},"2":{"start":{"line":13,"column":29},"end":{"line":18,"column":3}},"3":{"start":{"line":15,"column":6},"end":{"line":15,"column":28}},"4":{"start":{"line":20,"column":2},"end":{"line":24,"column":4}}},"fnMap":{"0":{"name":"(anonymous_0)","decl":{"start":{"line":10,"column":40},"end":{"line":10,"column":41}},"loc":{"start":{"line":10,"column":46},"end":{"line":25,"column":1}},"line":10},"1":{"name":"(anonymous_1)","decl":{"start":{"line":14,"column":4},"end":{"line":14,"column":5}},"loc":{"start":{"line":14,"column":24},"end":{"line":16,"column":5}},"line":14}},"branchMap":{"0":{"loc":{"start":{"line":14,"column":11},"end":{"line":14,"column":19}},"type":"default-arg","locations":[{"start":{"line":14,"column":17},"end":{"line":14,"column":19}}],"line":14}},"s":{"0":0,"1":0,"2":0,"3":0,"4":0},"f":{"0":0,"1":0},"b":{"0":[0]}}
,"/Users/noel/Desktop/AGENCIA SERVITEC/korekenke/packages/hosting/src/api/useApiSearchGet.js": {"path":"/Users/noel/Desktop/AGENCIA SERVITEC/korekenke/packages/hosting/src/api/useApiSearchGet.js","statementMap":{"0":{"start":{"line":10,"column":31},"end":{"line":22,"column":1}},"1":{"start":{"line":11,"column":37},"end":{"line":11,"column":54}},"2":{"start":{"line":13,"column":20},"end":{"line":15,"column":11}},"3":{"start":{"line":14,"column":4},"end":{"line":14,"column":26}},"4":{"start":{"line":17,"column":2},"end":{"line":21,"column":4}}},"fnMap":{"0":{"name":"(anonymous_0)","decl":{"start":{"line":10,"column":31},"end":{"line":10,"column":32}},"loc":{"start":{"line":10,"column":37},"end":{"line":22,"column":1}},"line":10},"1":{"name":"(anonymous_1)","decl":{"start":{"line":13,"column":32},"end":{"line":13,"column":33}},"loc":{"start":{"line":13,"column":44},"end":{"line":15,"column":3}},"line":13}},"branchMap":{},"s":{"0":0,"1":0,"2":0,"3":0,"4":0},"f":{"0":0,"1":0},"b":{}}
,"/Users/noel/Desktop/AGENCIA SERVITEC/korekenke/packages/hosting/src/api/useApiUserPatch.js": {"path":"/Users/noel/Desktop/AGENCIA SERVITEC/korekenke/packages/hosting/src/api/useApiUserPatch.js","statementMap":{"0":{"start":{"line":10,"column":31},"end":{"line":27,"column":1}},"1":{"start":{"line":11,"column":39},"end":{"line":11,"column":55}},"2":{"start":{"line":13,"column":20},"end":{"line":20,"column":3}},"3":{"start":{"line":15,"column":18},"end":{"line":15,"column":31}},"4":{"start":{"line":17,"column":6},"end":{"line":17,"column":30}},"5":{"start":{"line":22,"column":2},"end":{"line":26,"column":4}}},"fnMap":{"0":{"name":"(anonymous_0)","decl":{"start":{"line":10,"column":31},"end":{"line":10,"column":32}},"loc":{"start":{"line":10,"column":37},"end":{"line":27,"column":1}},"line":10},"1":{"name":"(anonymous_1)","decl":{"start":{"line":14,"column":4},"end":{"line":14,"column":5}},"loc":{"start":{"line":14,"column":20},"end":{"line":18,"column":5}},"line":14}},"branchMap":{},"s":{"0":0,"1":0,"2":0,"3":0,"4":0,"5":0},"f":{"0":0,"1":0},"b":{}}
,"/Users/noel/Desktop/AGENCIA SERVITEC/korekenke/packages/hosting/src/api/useApiUserPost.js": {"path":"/Users/noel/Desktop/AGENCIA SERVITEC/korekenke/packages/hosting/src/api/useApiUserPost.js","statementMap":{"0":{"start":{"line":10,"column":30},"end":{"line":25,"column":1}},"1":{"start":{"line":11,"column":38},"end":{"line":11,"column":53}},"2":{"start":{"line":13,"column":19},"end":{"line":18,"column":3}},"3":{"start":{"line":15,"column":6},"end":{"line":15,"column":29}},"4":{"start":{"line":20,"column":2},"end":{"line":24,"column":4}}},"fnMap":{"0":{"name":"(anonymous_0)","decl":{"start":{"line":10,"column":30},"end":{"line":10,"column":31}},"loc":{"start":{"line":10,"column":36},"end":{"line":25,"column":1}},"line":10},"1":{"name":"(anonymous_1)","decl":{"start":{"line":14,"column":4},"end":{"line":14,"column":5}},"loc":{"start":{"line":14,"column":20},"end":{"line":16,"column":5}},"line":14}},"branchMap":{},"s":{"0":0,"1":0,"2":0,"3":0,"4":0},"f":{"0":0,"1":0},"b":{}}
,"/Users/noel/Desktop/AGENCIA SERVITEC/korekenke/packages/hosting/src/api/useApiUserPut.js": {"path":"/Users/noel/Desktop/AGENCIA SERVITEC/korekenke/packages/hosting/src/api/useApiUserPut.js","statementMap":{"0":{"start":{"line":10,"column":29},"end":{"line":27,"column":1}},"1":{"start":{"line":11,"column":37},"end":{"line":11,"column":53}},"2":{"start":{"line":13,"column":18},"end":{"line":20,"column":3}},"3":{"start":{"line":15,"column":18},"end":{"line":15,"column":31}},"4":{"start":{"line":17,"column":6},"end":{"line":17,"column":28}},"5":{"start":{"line":22,"column":2},"end":{"line":26,"column":4}}},"fnMap":{"0":{"name":"(anonymous_0)","decl":{"start":{"line":10,"column":29},"end":{"line":10,"column":30}},"loc":{"start":{"line":10,"column":35},"end":{"line":27,"column":1}},"line":10},"1":{"name":"(anonymous_1)","decl":{"start":{"line":14,"column":4},"end":{"line":14,"column":5}},"loc":{"start":{"line":14,"column":20},"end":{"line":18,"column":5}},"line":14}},"branchMap":{},"s":{"0":0,"1":0,"2":0,"3":0,"4":0,"5":0},"f":{"0":0,"1":0},"b":{}}
,"/Users/noel/Desktop/AGENCIA SERVITEC/korekenke/packages/hosting/src/components/SortableImages.js": {"path":"/Users/noel/Desktop/AGENCIA SERVITEC/korekenke/packages/hosting/src/components/SortableImages.js","statementMap":{"0":{"start":{"line":14,"column":30},"end":{"line":62,"column":1}},"1":{"start":{"line":22,"column":21},"end":{"line":24,"column":3}},"2":{"start":{"line":23,"column":15},"end":{"line":23,"column":20}},"3":{"start":{"line":26,"column":2},"end":{"line":61,"column":4}},"4":{"start":{"line":35,"column":10},"end":{"line":48,"column":11}},"5":{"start":{"line":51,"column":10},"end":{"line":57,"column":11}},"6":{"start":{"line":53,"column":14},"end":{"line":53,"column":53}},"7":{"start":{"line":55,"column":14},"end":{"line":55,"column":28}},"8":{"start":{"line":66,"column":18},"end":{"line":80,"column":1}},"9":{"start":{"line":67,"column":34},"end":{"line":79,"column":3}},"10":{"start":{"line":82,"column":23},"end":{"line":116,"column":1}},"11":{"start":{"line":83,"column":19},"end":{"line":115,"column":3}}},"fnMap":{"0":{"name":"(anonymous_0)","decl":{"start":{"line":14,"column":30},"end":{"line":14,"column":31}},"loc":{"start":{"line":21,"column":6},"end":{"line":62,"column":1}},"line":21},"1":{"name":"(anonymous_1)","decl":{"start":{"line":23,"column":4},"end":{"line":23,"column":5}},"loc":{"start":{"line":23,"column":15},"end":{"line":23,"column":20}},"line":23},"2":{"name":"(anonymous_2)","decl":{"start":{"line":34,"column":20},"end":{"line":34,"column":21}},"loc":{"start":{"line":35,"column":10},"end":{"line":48,"column":11}},"line":35},"3":{"name":"(anonymous_3)","decl":{"start":{"line":50,"column":18},"end":{"line":50,"column":19}},"loc":{"start":{"line":51,"column":10},"end":{"line":57,"column":11}},"line":51},"4":{"name":"(anonymous_4)","decl":{"start":{"line":52,"column":25},"end":{"line":52,"column":26}},"loc":{"start":{"line":52,"column":44},"end":{"line":56,"column":13}},"line":52},"5":{"name":"(anonymous_5)","decl":{"start":{"line":67,"column":4},"end":{"line":67,"column":5}},"loc":{"start":{"line":67,"column":34},"end":{"line":79,"column":3}},"line":67},"6":{"name":"(anonymous_6)","decl":{"start":{"line":83,"column":4},"end":{"line":83,"column":5}},"loc":{"start":{"line":83,"column":19},"end":{"line":115,"column":3}},"line":83}},"branchMap":{"0":{"loc":{"start":{"line":19,"column":2},"end":{"line":19,"column":17}},"type":"default-arg","locations":[{"start":{"line":19,"column":10},"end":{"line":19,"column":17}}],"line":19},"1":{"loc":{"start":{"line":22,"column":33},"end":{"line":22,"column":66}},"type":"cond-expr","locations":[{"start":{"line":22,"column":55},"end":{"line":22,"column":61}},{"start":{"line":22,"column":64},"end":{"line":22,"column":66}}],"line":22},"2":{"loc":{"start":{"line":35,"column":10},"end":{"line":48,"column":11}},"type":"cond-expr","locations":[{"start":{"line":36,"column":12},"end":{"line":38,"column":18}},{"start":{"line":40,"column":12},"end":{"line":47,"column":29}}],"line":35},"3":{"loc":{"start":{"line":37,"column":15},"end":{"line":37,"column":59}},"type":"binary-expr","locations":[{"start":{"line":37,"column":15},"end":{"line":37,"column":34}},{"start":{"line":37,"column":38},"end":{"line":37,"column":59}}],"line":37},"4":{"loc":{"start":{"line":42,"column":15},"end":{"line":46,"column":15}},"type":"binary-expr","locations":[{"start":{"line":42,"column":15},"end":{"line":42,"column":26}},{"start":{"line":43,"column":16},"end":{"line":45,"column":22}}],"line":42},"5":{"loc":{"start":{"line":53,"column":14},"end":{"line":53,"column":52}},"type":"binary-expr","locations":[{"start":{"line":53,"column":14},"end":{"line":53,"column":30}},{"start":{"line":53,"column":34},"end":{"line":53,"column":52}}],"line":53}},"s":{"0":0,"1":0,"2":0,"3":0,"4":0,"5":0,"6":0,"7":0,"8":0,"9":0,"10":0,"11":0},"f":{"0":0,"1":0,"2":0,"3":0,"4":0,"5":0,"6":0},"b":{"0":[0],"1":[0,0],"2":[0,0],"3":[0,0],"4":[0,0],"5":[0,0]}}
,"/Users/noel/Desktop/AGENCIA SERVITEC/korekenke/packages/hosting/src/components/SortableItems.js": {"path":"/Users/noel/Desktop/AGENCIA SERVITEC/korekenke/packages/hosting/src/components/SortableItems.js","statementMap":{"0":{"start":{"line":44,"column":29},"end":{"line":110,"column":1}},"1":{"start":{"line":53,"column":18},"end":{"line":53,"column":76}},"2":{"start":{"line":55,"column":30},"end":{"line":58,"column":23}},"3":{"start":{"line":56,"column":4},"end":{"line":58,"column":23}},"4":{"start":{"line":60,"column":20},"end":{"line":73,"column":3}},"5":{"start":{"line":61,"column":4},"end":{"line":72,"column":5}},"6":{"start":{"line":62,"column":23},"end":{"line":64,"column":7}},"7":{"start":{"line":63,"column":29},"end":{"line":63,"column":79}},"8":{"start":{"line":65,"column":23},"end":{"line":67,"column":7}},"9":{"start":{"line":66,"column":29},"end":{"line":66,"column":77}},"10":{"start":{"line":69,"column":28},"end":{"line":69,"column":69}},"11":{"start":{"line":71,"column":6},"end":{"line":71,"column":30}},"12":{"start":{"line":75,"column":16},"end":{"line":77,"column":3}},"13":{"start":{"line":76,"column":4},"end":{"line":76,"column":40}},"14":{"start":{"line":79,"column":2},"end":{"line":109,"column":4}},"15":{"start":{"line":89,"column":32},"end":{"line":91,"column":21}},"16":{"start":{"line":92,"column":37},"end":{"line":92,"column":73}},"17":{"start":{"line":94,"column":12},"end":{"line":104,"column":14}},"18":{"start":{"line":112,"column":18},"end":{"line":115,"column":1}},"19":{"start":{"line":123,"column":17},"end":{"line":139,"column":1}},"20":{"start":{"line":124,"column":23},"end":{"line":138,"column":3}},"21":{"start":{"line":149,"column":25},"end":{"line":192,"column":1}},"22":{"start":{"line":165,"column":6},"end":{"line":168,"column":4}},"23":{"start":{"line":167,"column":32},"end":{"line":167,"column":36}},"24":{"start":{"line":170,"column":16},"end":{"line":175,"column":3}},"25":{"start":{"line":177,"column":2},"end":{"line":191,"column":4}}},"fnMap":{"0":{"name":"(anonymous_0)","decl":{"start":{"line":44,"column":29},"end":{"line":44,"column":30}},"loc":{"start":{"line":52,"column":6},"end":{"line":110,"column":1}},"line":52},"1":{"name":"(anonymous_1)","decl":{"start":{"line":55,"column":30},"end":{"line":55,"column":31}},"loc":{"start":{"line":56,"column":4},"end":{"line":58,"column":23}},"line":56},"2":{"name":"(anonymous_2)","decl":{"start":{"line":60,"column":20},"end":{"line":60,"column":21}},"loc":{"start":{"line":60,"column":42},"end":{"line":73,"column":3}},"line":60},"3":{"name":"(anonymous_3)","decl":{"start":{"line":63,"column":8},"end":{"line":63,"column":9}},"loc":{"start":{"line":63,"column":29},"end":{"line":63,"column":79}},"line":63},"4":{"name":"(anonymous_4)","decl":{"start":{"line":66,"column":8},"end":{"line":66,"column":9}},"loc":{"start":{"line":66,"column":29},"end":{"line":66,"column":77}},"line":66},"5":{"name":"(anonymous_5)","decl":{"start":{"line":75,"column":31},"end":{"line":75,"column":32}},"loc":{"start":{"line":76,"column":4},"end":{"line":76,"column":40}},"line":76},"6":{"name":"(anonymous_6)","decl":{"start":{"line":88,"column":26},"end":{"line":88,"column":27}},"loc":{"start":{"line":88,"column":54},"end":{"line":105,"column":11}},"line":88},"7":{"name":"(anonymous_7)","decl":{"start":{"line":124,"column":4},"end":{"line":124,"column":5}},"loc":{"start":{"line":124,"column":23},"end":{"line":138,"column":3}},"line":124},"8":{"name":"(anonymous_8)","decl":{"start":{"line":149,"column":25},"end":{"line":149,"column":26}},"loc":{"start":{"line":155,"column":6},"end":{"line":192,"column":1}},"line":155},"9":{"name":"(anonymous_9)","decl":{"start":{"line":167,"column":26},"end":{"line":167,"column":27}},"loc":{"start":{"line":167,"column":32},"end":{"line":167,"column":36}},"line":167}},"branchMap":{"0":{"loc":{"start":{"line":56,"column":4},"end":{"line":58,"column":23}},"type":"cond-expr","locations":[{"start":{"line":57,"column":8},"end":{"line":57,"column":45}},{"start":{"line":58,"column":8},"end":{"line":58,"column":23}}],"line":56},"1":{"loc":{"start":{"line":56,"column":4},"end":{"line":56,"column":46}},"type":"binary-expr","locations":[{"start":{"line":56,"column":4},"end":{"line":56,"column":33}},{"start":{"line":56,"column":37},"end":{"line":56,"column":46}}],"line":56},"2":{"loc":{"start":{"line":61,"column":4},"end":{"line":72,"column":5}},"type":"if","locations":[{"start":{"line":61,"column":4},"end":{"line":72,"column":5}},{"start":{},"end":{}}],"line":61},"3":{"loc":{"start":{"line":61,"column":8},"end":{"line":61,"column":38}},"type":"binary-expr","locations":[{"start":{"line":61,"column":8},"end":{"line":61,"column":12}},{"start":{"line":61,"column":16},"end":{"line":61,"column":38}}],"line":61},"4":{"loc":{"start":{"line":89,"column":32},"end":{"line":91,"column":21}},"type":"cond-expr","locations":[{"start":{"line":90,"column":16},"end":{"line":90,"column":42}},{"start":{"line":91,"column":16},"end":{"line":91,"column":21}}],"line":89},"5":{"loc":{"start":{"line":126,"column":14},"end":{"line":126,"column":45}},"type":"cond-expr","locations":[{"start":{"line":126,"column":26},"end":{"line":126,"column":36}},{"start":{"line":126,"column":39},"end":{"line":126,"column":45}}],"line":126},"6":{"loc":{"start":{"line":171,"column":15},"end":{"line":171,"column":74}},"type":"cond-expr","locations":[{"start":{"line":171,"column":29},"end":{"line":171,"column":38}},{"start":{"line":171,"column":41},"end":{"line":171,"column":74}}],"line":171},"7":{"loc":{"start":{"line":173,"column":13},"end":{"line":173,"column":33}},"type":"cond-expr","locations":[{"start":{"line":173,"column":26},"end":{"line":173,"column":29}},{"start":{"line":173,"column":32},"end":{"line":173,"column":33}}],"line":173},"8":{"loc":{"start":{"line":174,"column":12},"end":{"line":174,"column":44}},"type":"cond-expr","locations":[{"start":{"line":174,"column":26},"end":{"line":174,"column":35}},{"start":{"line":174,"column":38},"end":{"line":174,"column":44}}],"line":174}},"s":{"0":0,"1":0,"2":0,"3":0,"4":0,"5":0,"6":0,"7":0,"8":0,"9":0,"10":0,"11":0,"12":0,"13":0,"14":0,"15":0,"16":0,"17":0,"18":0,"19":0,"20":0,"21":0,"22":0,"23":0,"24":0,"25":0},"f":{"0":0,"1":0,"2":0,"3":0,"4":0,"5":0,"6":0,"7":0,"8":0,"9":0},"b":{"0":[0,0],"1":[0,0],"2":[0,0],"3":[0,0],"4":[0,0],"5":[0,0],"6":[0,0],"7":[0,0],"8":[0,0]}}
,"/Users/noel/Desktop/AGENCIA SERVITEC/korekenke/packages/hosting/src/components/Upload.js": {"path":"/Users/noel/Desktop/AGENCIA SERVITEC/korekenke/packages/hosting/src/components/Upload.js","statementMap":{"0":{"start":{"line":19,"column":22},"end":{"line":227,"column":1}},"1":{"start":{"line":39,"column":18},"end":{"line":39,"column":33}},"2":{"start":{"line":41,"column":28},"end":{"line":41,"column":40}},"3":{"start":{"line":42,"column":36},"end":{"line":42,"column":51}},"4":{"start":{"line":43,"column":40},"end":{"line":43,"column":54}},"5":{"start":{"line":45,"column":2},"end":{"line":49,"column":30}},"6":{"start":{"line":46,"column":4},"end":{"line":46,"column":52}},"7":{"start":{"line":46,"column":45},"end":{"line":46,"column":52}},"8":{"start":{"line":48,"column":4},"end":{"line":48,"column":45}},"9":{"start":{"line":51,"column":2},"end":{"line":53,"column":18}},"10":{"start":{"line":52,"column":4},"end":{"line":52,"column":42}},"11":{"start":{"line":55,"column":2},"end":{"line":60,"column":30}},"12":{"start":{"line":56,"column":22},"end":{"line":56,"column":70}},"13":{"start":{"line":56,"column":44},"end":{"line":56,"column":69}},"14":{"start":{"line":58,"column":4},"end":{"line":59,"column":73}},"15":{"start":{"line":62,"column":27},"end":{"line":76,"column":3}},"16":{"start":{"line":63,"column":4},"end":{"line":63,"column":31}},"17":{"start":{"line":65,"column":17},"end":{"line":69,"column":5}},"18":{"start":{"line":71,"column":4},"end":{"line":73,"column":5}},"19":{"start":{"line":72,"column":6},"end":{"line":72,"column":31}},"20":{"start":{"line":75,"column":4},"end":{"line":75,"column":16}},"21":{"start":{"line":78,"column":24},"end":{"line":114,"column":3}},"22":{"start":{"line":79,"column":4},"end":{"line":113,"column":5}},"23":{"start":{"line":80,"column":6},"end":{"line":80,"column":25}},"24":{"start":{"line":82,"column":34},"end":{"line":103,"column":8}},"25":{"start":{"line":92,"column":12},"end":{"line":92,"column":65}},"26":{"start":{"line":94,"column":12},"end":{"line":98,"column":14}},"27":{"start":{"line":100,"column":12},"end":{"line":101,"column":66}},"28":{"start":{"line":105,"column":6},"end":{"line":105,"column":49}},"29":{"start":{"line":105,"column":18},"end":{"line":105,"column":49}},"30":{"start":{"line":107,"column":6},"end":{"line":107,"column":32}},"31":{"start":{"line":109,"column":6},"end":{"line":109,"column":27}},"32":{"start":{"line":110,"column":6},"end":{"line":110,"column":50}},"33":{"start":{"line":112,"column":6},"end":{"line":112,"column":26}},"34":{"start":{"line":116,"column":29},"end":{"line":121,"column":6}},"35":{"start":{"line":117,"column":4},"end":{"line":121,"column":6}},"36":{"start":{"line":123,"column":25},"end":{"line":134,"column":6}},"37":{"start":{"line":124,"column":4},"end":{"line":134,"column":6}},"38":{"start":{"line":125,"column":20},"end":{"line":127,"column":7}},"39":{"start":{"line":126,"column":22},"end":{"line":126,"column":47}},"40":{"start":{"line":129,"column":24},"end":{"line":129,"column":38}},"41":{"start":{"line":131,"column":6},"end":{"line":131,"column":30}},"42":{"start":{"line":133,"column":6},"end":{"line":133,"column":23}},"43":{"start":{"line":136,"column":25},"end":{"line":140,"column":3}},"44":{"start":{"line":137,"column":4},"end":{"line":137,"column":39}},"45":{"start":{"line":137,"column":32},"end":{"line":137,"column":39}},"46":{"start":{"line":139,"column":4},"end":{"line":139,"column":23}},"47":{"start":{"line":142,"column":20},"end":{"line":142,"column":50}},"48":{"start":{"line":142,"column":30},"end":{"line":142,"column":50}},"49":{"start":{"line":144,"column":19},"end":{"line":153,"column":6}},"50":{"start":{"line":145,"column":4},"end":{"line":153,"column":6}},"51":{"start":{"line":146,"column":6},"end":{"line":152,"column":9}},"52":{"start":{"line":149,"column":10},"end":{"line":149,"column":33}},"53":{"start":{"line":150,"column":10},"end":{"line":150,"column":24}},"54":{"start":{"line":155,"column":21},"end":{"line":161,"column":3}},"55":{"start":{"line":156,"column":4},"end":{"line":156,"column":74}},"56":{"start":{"line":158,"column":4},"end":{"line":160,"column":6}},"57":{"start":{"line":159,"column":6},"end":{"line":159,"column":63}},"58":{"start":{"line":159,"column":37},"end":{"line":159,"column":62}},"59":{"start":{"line":163,"column":23},"end":{"line":169,"column":3}},"60":{"start":{"line":164,"column":4},"end":{"line":164,"column":36}},"61":{"start":{"line":164,"column":24},"end":{"line":164,"column":36}},"62":{"start":{"line":166,"column":4},"end":{"line":166,"column":72}},"63":{"start":{"line":168,"column":4},"end":{"line":168,"column":34}},"64":{"start":{"line":171,"column":2},"end":{"line":226,"column":4}},"65":{"start":{"line":221,"column":26},"end":{"line":221,"column":46}},"66":{"start":{"line":229,"column":21},"end":{"line":245,"column":1}},"67":{"start":{"line":247,"column":26},"end":{"line":249,"column":1}}},"fnMap":{"0":{"name":"(anonymous_0)","decl":{"start":{"line":19,"column":22},"end":{"line":19,"column":23}},"loc":{"start":{"line":38,"column":6},"end":{"line":227,"column":1}},"line":38},"1":{"name":"(anonymous_1)","decl":{"start":{"line":45,"column":12},"end":{"line":45,"column":13}},"loc":{"start":{"line":45,"column":18},"end":{"line":49,"column":3}},"line":45},"2":{"name":"(anonymous_2)","decl":{"start":{"line":51,"column":12},"end":{"line":51,"column":13}},"loc":{"start":{"line":51,"column":18},"end":{"line":53,"column":3}},"line":51},"3":{"name":"(anonymous_3)","decl":{"start":{"line":55,"column":12},"end":{"line":55,"column":13}},"loc":{"start":{"line":55,"column":18},"end":{"line":60,"column":3}},"line":55},"4":{"name":"(anonymous_4)","decl":{"start":{"line":56,"column":34},"end":{"line":56,"column":35}},"loc":{"start":{"line":56,"column":44},"end":{"line":56,"column":69}},"line":56},"5":{"name":"(anonymous_5)","decl":{"start":{"line":62,"column":27},"end":{"line":62,"column":28}},"loc":{"start":{"line":62,"column":61},"end":{"line":76,"column":3}},"line":62},"6":{"name":"(anonymous_6)","decl":{"start":{"line":78,"column":24},"end":{"line":78,"column":25}},"loc":{"start":{"line":78,"column":49},"end":{"line":114,"column":3}},"line":78},"7":{"name":"(anonymous_7)","decl":{"start":{"line":91,"column":19},"end":{"line":91,"column":20}},"loc":{"start":{"line":92,"column":12},"end":{"line":92,"column":65}},"line":92},"8":{"name":"(anonymous_8)","decl":{"start":{"line":93,"column":22},"end":{"line":93,"column":23}},"loc":{"start":{"line":94,"column":12},"end":{"line":98,"column":14}},"line":94},"9":{"name":"(anonymous_9)","decl":{"start":{"line":99,"column":21},"end":{"line":99,"column":22}},"loc":{"start":{"line":100,"column":12},"end":{"line":101,"column":66}},"line":100},"10":{"name":"(anonymous_10)","decl":{"start":{"line":116,"column":29},"end":{"line":116,"column":30}},"loc":{"start":{"line":117,"column":4},"end":{"line":121,"column":6}},"line":117},"11":{"name":"(anonymous_11)","decl":{"start":{"line":123,"column":25},"end":{"line":123,"column":26}},"loc":{"start":{"line":124,"column":4},"end":{"line":134,"column":6}},"line":124},"12":{"name":"(anonymous_12)","decl":{"start":{"line":124,"column":13},"end":{"line":124,"column":14}},"loc":{"start":{"line":124,"column":28},"end":{"line":134,"column":5}},"line":124},"13":{"name":"(anonymous_13)","decl":{"start":{"line":126,"column":8},"end":{"line":126,"column":9}},"loc":{"start":{"line":126,"column":22},"end":{"line":126,"column":47}},"line":126},"14":{"name":"(anonymous_14)","decl":{"start":{"line":136,"column":25},"end":{"line":136,"column":26}},"loc":{"start":{"line":136,"column":49},"end":{"line":140,"column":3}},"line":136},"15":{"name":"(anonymous_15)","decl":{"start":{"line":142,"column":20},"end":{"line":142,"column":21}},"loc":{"start":{"line":142,"column":30},"end":{"line":142,"column":50}},"line":142},"16":{"name":"(anonymous_16)","decl":{"start":{"line":144,"column":19},"end":{"line":144,"column":20}},"loc":{"start":{"line":145,"column":4},"end":{"line":153,"column":6}},"line":145},"17":{"name":"(anonymous_17)","decl":{"start":{"line":145,"column":16},"end":{"line":145,"column":17}},"loc":{"start":{"line":145,"column":29},"end":{"line":153,"column":5}},"line":145},"18":{"name":"(anonymous_18)","decl":{"start":{"line":148,"column":14},"end":{"line":148,"column":15}},"loc":{"start":{"line":148,"column":26},"end":{"line":151,"column":9}},"line":148},"19":{"name":"(anonymous_19)","decl":{"start":{"line":155,"column":21},"end":{"line":155,"column":22}},"loc":{"start":{"line":155,"column":37},"end":{"line":161,"column":3}},"line":155},"20":{"name":"(anonymous_20)","decl":{"start":{"line":158,"column":13},"end":{"line":158,"column":14}},"loc":{"start":{"line":159,"column":6},"end":{"line":159,"column":63}},"line":159},"21":{"name":"(anonymous_21)","decl":{"start":{"line":159,"column":23},"end":{"line":159,"column":24}},"loc":{"start":{"line":159,"column":37},"end":{"line":159,"column":62}},"line":159},"22":{"name":"(anonymous_22)","decl":{"start":{"line":163,"column":23},"end":{"line":163,"column":24}},"loc":{"start":{"line":163,"column":29},"end":{"line":169,"column":3}},"line":163},"23":{"name":"(anonymous_23)","decl":{"start":{"line":221,"column":20},"end":{"line":221,"column":21}},"loc":{"start":{"line":221,"column":26},"end":{"line":221,"column":46}},"line":221}},"branchMap":{"0":{"loc":{"start":{"line":21,"column":2},"end":{"line":21,"column":20}},"type":"default-arg","locations":[{"start":{"line":21,"column":11},"end":{"line":21,"column":20}}],"line":21},"1":{"loc":{"start":{"line":22,"column":2},"end":{"line":22,"column":29}},"type":"default-arg","locations":[{"start":{"line":22,"column":15},"end":{"line":22,"column":29}}],"line":22},"2":{"loc":{"start":{"line":23,"column":2},"end":{"line":23,"column":16}},"type":"default-arg","locations":[{"start":{"line":23,"column":12},"end":{"line":23,"column":16}}],"line":23},"3":{"loc":{"start":{"line":26,"column":2},"end":{"line":26,"column":15}},"type":"default-arg","locations":[{"start":{"line":26,"column":10},"end":{"line":26,"column":15}}],"line":26},"4":{"loc":{"start":{"line":30,"column":2},"end":{"line":30,"column":16}},"type":"default-arg","locations":[{"start":{"line":30,"column":12},"end":{"line":30,"column":16}}],"line":30},"5":{"loc":{"start":{"line":31,"column":2},"end":{"line":31,"column":23}},"type":"default-arg","locations":[{"start":{"line":31,"column":19},"end":{"line":31,"column":23}}],"line":31},"6":{"loc":{"start":{"line":33,"column":2},"end":{"line":33,"column":18}},"type":"default-arg","locations":[{"start":{"line":33,"column":13},"end":{"line":33,"column":18}}],"line":33},"7":{"loc":{"start":{"line":34,"column":2},"end":{"line":34,"column":22}},"type":"default-arg","locations":[{"start":{"line":34,"column":11},"end":{"line":34,"column":22}}],"line":34},"8":{"loc":{"start":{"line":46,"column":4},"end":{"line":46,"column":52}},"type":"if","locations":[{"start":{"line":46,"column":4},"end":{"line":46,"column":52}},{"start":{},"end":{}}],"line":46},"9":{"loc":{"start":{"line":46,"column":8},"end":{"line":46,"column":43}},"type":"binary-expr","locations":[{"start":{"line":46,"column":8},"end":{"line":46,"column":14}},{"start":{"line":46,"column":18},"end":{"line":46,"column":43}}],"line":46},"10":{"loc":{"start":{"line":52,"column":4},"end":{"line":52,"column":41}},"type":"binary-expr","locations":[{"start":{"line":52,"column":4},"end":{"line":52,"column":15}},{"start":{"line":52,"column":19},"end":{"line":52,"column":41}}],"line":52},"11":{"loc":{"start":{"line":58,"column":4},"end":{"line":59,"column":72}},"type":"binary-expr","locations":[{"start":{"line":58,"column":4},"end":{"line":58,"column":13}},{"start":{"line":59,"column":6},"end":{"line":59,"column":72}}],"line":58},"12":{"loc":{"start":{"line":59,"column":15},"end":{"line":59,"column":71}},"type":"cond-expr","locations":[{"start":{"line":59,"column":33},"end":{"line":59,"column":59}},{"start":{"line":59,"column":62},"end":{"line":59,"column":71}}],"line":59},"13":{"loc":{"start":{"line":71,"column":4},"end":{"line":73,"column":5}},"type":"if","locations":[{"start":{"line":71,"column":4},"end":{"line":73,"column":5}},{"start":{},"end":{}}],"line":71},"14":{"loc":{"start":{"line":92,"column":12},"end":{"line":92,"column":65}},"type":"binary-expr","locations":[{"start":{"line":92,"column":12},"end":{"line":92,"column":33}},{"start":{"line":92,"column":37},"end":{"line":92,"column":65}}],"line":92},"15":{"loc":{"start":{"line":94,"column":12},"end":{"line":98,"column":14}},"type":"binary-expr","locations":[{"start":{"line":94,"column":12},"end":{"line":94,"column":36}},{"start":{"line":95,"column":12},"end":{"line":98,"column":14}}],"line":94},"16":{"loc":{"start":{"line":100,"column":12},"end":{"line":101,"column":66}},"type":"binary-expr","locations":[{"start":{"line":100,"column":12},"end":{"line":100,"column":35}},{"start":{"line":101,"column":12},"end":{"line":101,"column":66}}],"line":100},"17":{"loc":{"start":{"line":105,"column":6},"end":{"line":105,"column":49}},"type":"if","locations":[{"start":{"line":105,"column":6},"end":{"line":105,"column":49}},{"start":{},"end":{}}],"line":105},"18":{"loc":{"start":{"line":137,"column":4},"end":{"line":137,"column":39}},"type":"if","locations":[{"start":{"line":137,"column":4},"end":{"line":137,"column":39}},{"start":{},"end":{}}],"line":137},"19":{"loc":{"start":{"line":164,"column":4},"end":{"line":164,"column":36}},"type":"if","locations":[{"start":{"line":164,"column":4},"end":{"line":164,"column":36}},{"start":{},"end":{}}],"line":164},"20":{"loc":{"start":{"line":182,"column":11},"end":{"line":213,"column":11}},"type":"cond-expr","locations":[{"start":{"line":183,"column":12},"end":{"line":198,"column":33}},{"start":{"line":200,"column":12},"end":{"line":212,"column":27}}],"line":182},"21":{"loc":{"start":{"line":216,"column":7},"end":{"line":224,"column":7}},"type":"binary-expr","locations":[{"start":{"line":216,"column":7},"end":{"line":216,"column":23}},{"start":{"line":217,"column":8},"end":{"line":223,"column":10}}],"line":216}},"s":{"0":0,"1":0,"2":0,"3":0,"4":0,"5":0,"6":0,"7":0,"8":0,"9":0,"10":0,"11":0,"12":0,"13":0,"14":0,"15":0,"16":0,"17":0,"18":0,"19":0,"20":0,"21":0,"22":0,"23":0,"24":0,"25":0,"26":0,"27":0,"28":0,"29":0,"30":0,"31":0,"32":0,"33":0,"34":0,"35":0,"36":0,"37":0,"38":0,"39":0,"40":0,"41":0,"42":0,"43":0,"44":0,"45":0,"46":0,"47":0,"48":0,"49":0,"50":0,"51":0,"52":0,"53":0,"54":0,"55":0,"56":0,"57":0,"58":0,"59":0,"60":0,"61":0,"62":0,"63":0,"64":0,"65":0,"66":0,"67":0},"f":{"0":0,"1":0,"2":0,"3":0,"4":0,"5":0,"6":0,"7":0,"8":0,"9":0,"10":0,"11":0,"12":0,"13":0,"14":0,"15":0,"16":0,"17":0,"18":0,"19":0,"20":0,"21":0,"22":0,"23":0},"b":{"0":[0],"1":[0],"2":[0],"3":[0],"4":[0],"5":[0],"6":[0],"7":[0],"8":[0,0],"9":[0,0],"10":[0,0],"11":[0,0],"12":[0,0],"13":[0,0],"14":[0,0],"15":[0,0],"16":[0,0],"17":[0,0],"18":[0,0],"19":[0,0],"20":[0,0],"21":[0,0]}}
,"/Users/noel/Desktop/AGENCIA SERVITEC/korekenke/packages/hosting/src/components/UploadImages.js": {"path":"/Users/noel/Desktop/AGENCIA SERVITEC/korekenke/packages/hosting/src/components/UploadImages.js","statementMap":{"0":{"start":{"line":25,"column":28},"end":{"line":168,"column":1}},"1":{"start":{"line":33,"column":26},"end":{"line":33,"column":45}},"2":{"start":{"line":35,"column":36},"end":{"line":35,"column":51}},"3":{"start":{"line":37,"column":21},"end":{"line":37,"column":54}},"4":{"start":{"line":37,"column":32},"end":{"line":37,"column":54}},"5":{"start":{"line":39,"column":17},"end":{"line":43,"column":3}},"6":{"start":{"line":40,"column":4},"end":{"line":40,"column":27}},"7":{"start":{"line":42,"column":4},"end":{"line":42,"column":48}},"8":{"start":{"line":45,"column":24},"end":{"line":47,"column":3}},"9":{"start":{"line":46,"column":4},"end":{"line":46,"column":66}},"10":{"start":{"line":49,"column":22},"end":{"line":66,"column":3}},"11":{"start":{"line":50,"column":4},"end":{"line":65,"column":5}},"12":{"start":{"line":51,"column":6},"end":{"line":51,"column":25}},"13":{"start":{"line":52,"column":6},"end":{"line":52,"column":39}},"14":{"start":{"line":54,"column":26},"end":{"line":56,"column":7}},"15":{"start":{"line":55,"column":52},"end":{"line":55,"column":68}},"16":{"start":{"line":58,"column":6},"end":{"line":58,"column":61}},"17":{"start":{"line":60,"column":6},"end":{"line":60,"column":38}},"18":{"start":{"line":62,"column":6},"end":{"line":62,"column":29}},"19":{"start":{"line":63,"column":6},"end":{"line":63,"column":26}},"20":{"start":{"line":64,"column":6},"end":{"line":64,"column":40}},"21":{"start":{"line":68,"column":21},"end":{"line":108,"column":6}},"22":{"start":{"line":69,"column":4},"end":{"line":108,"column":6}},"23":{"start":{"line":70,"column":18},"end":{"line":70,"column":26}},"24":{"start":{"line":73,"column":19},"end":{"line":73,"column":22}},"25":{"start":{"line":75,"column":23},"end":{"line":75,"column":32}},"26":{"start":{"line":76,"column":28},"end":{"line":76,"column":52}},"27":{"start":{"line":78,"column":29},"end":{"line":78,"column":70}},"28":{"start":{"line":79,"column":34},"end":{"line":81,"column":29}},"29":{"start":{"line":83,"column":6},"end":{"line":107,"column":8}},"30":{"start":{"line":86,"column":10},"end":{"line":86,"column":59}},"31":{"start":{"line":87,"column":19},"end":{"line":87,"column":32}},"32":{"start":{"line":89,"column":10},"end":{"line":105,"column":11}},"33":{"start":{"line":90,"column":24},"end":{"line":90,"column":61}},"34":{"start":{"line":92,"column":29},"end":{"line":92,"column":77}},"35":{"start":{"line":94,"column":12},"end":{"line":95,"column":70}},"36":{"start":{"line":95,"column":14},"end":{"line":95,"column":70}},"37":{"start":{"line":97,"column":12},"end":{"line":97,"column":50}},"38":{"start":{"line":99,"column":12},"end":{"line":103,"column":14}},"39":{"start":{"line":104,"column":12},"end":{"line":104,"column":22}},"40":{"start":{"line":110,"column":22},"end":{"line":123,"column":3}},"41":{"start":{"line":111,"column":4},"end":{"line":122,"column":7}},"42":{"start":{"line":114,"column":8},"end":{"line":118,"column":10}},"43":{"start":{"line":120,"column":8},"end":{"line":120,"column":76}},"44":{"start":{"line":120,"column":49},"end":{"line":120,"column":73}},"45":{"start":{"line":125,"column":2},"end":{"line":167,"column":4}},"46":{"start":{"line":133,"column":10},"end":{"line":151,"column":17}},"47":{"start":{"line":154,"column":10},"end":{"line":163,"column":13}},"48":{"start":{"line":156,"column":29},"end":{"line":156,"column":47}},"49":{"start":{"line":160,"column":29},"end":{"line":160,"column":47}},"50":{"start":{"line":170,"column":18},"end":{"line":177,"column":8}},"51":{"start":{"line":171,"column":2},"end":{"line":177,"column":8}},"52":{"start":{"line":172,"column":4},"end":{"line":174,"column":5}},"53":{"start":{"line":173,"column":6},"end":{"line":173,"column":36}},"54":{"start":{"line":176,"column":4},"end":{"line":176,"column":18}},"55":{"start":{"line":179,"column":20},"end":{"line":223,"column":1}},"56":{"start":{"line":180,"column":19},"end":{"line":222,"column":3}}},"fnMap":{"0":{"name":"(anonymous_0)","decl":{"start":{"line":25,"column":28},"end":{"line":25,"column":29}},"loc":{"start":{"line":32,"column":6},"end":{"line":168,"column":1}},"line":32},"1":{"name":"(anonymous_1)","decl":{"start":{"line":37,"column":21},"end":{"line":37,"column":22}},"loc":{"start":{"line":37,"column":32},"end":{"line":37,"column":54}},"line":37},"2":{"name":"(anonymous_2)","decl":{"start":{"line":39,"column":17},"end":{"line":39,"column":18}},"loc":{"start":{"line":39,"column":34},"end":{"line":43,"column":3}},"line":39},"3":{"name":"(anonymous_3)","decl":{"start":{"line":45,"column":24},"end":{"line":45,"column":25}},"loc":{"start":{"line":45,"column":41},"end":{"line":47,"column":3}},"line":45},"4":{"name":"(anonymous_4)","decl":{"start":{"line":49,"column":22},"end":{"line":49,"column":23}},"loc":{"start":{"line":49,"column":42},"end":{"line":66,"column":3}},"line":49},"5":{"name":"(anonymous_5)","decl":{"start":{"line":55,"column":36},"end":{"line":55,"column":37}},"loc":{"start":{"line":55,"column":52},"end":{"line":55,"column":68}},"line":55},"6":{"name":"(anonymous_6)","decl":{"start":{"line":68,"column":21},"end":{"line":68,"column":22}},"loc":{"start":{"line":69,"column":4},"end":{"line":108,"column":6}},"line":69},"7":{"name":"(anonymous_7)","decl":{"start":{"line":69,"column":16},"end":{"line":69,"column":17}},"loc":{"start":{"line":69,"column":37},"end":{"line":108,"column":5}},"line":69},"8":{"name":"(anonymous_8)","decl":{"start":{"line":85,"column":8},"end":{"line":85,"column":9}},"loc":{"start":{"line":86,"column":10},"end":{"line":86,"column":59}},"line":86},"9":{"name":"(anonymous_9)","decl":{"start":{"line":87,"column":8},"end":{"line":87,"column":9}},"loc":{"start":{"line":87,"column":19},"end":{"line":87,"column":32}},"line":87},"10":{"name":"(anonymous_10)","decl":{"start":{"line":88,"column":8},"end":{"line":88,"column":9}},"loc":{"start":{"line":88,"column":20},"end":{"line":106,"column":9}},"line":88},"11":{"name":"(anonymous_11)","decl":{"start":{"line":110,"column":22},"end":{"line":110,"column":23}},"loc":{"start":{"line":110,"column":39},"end":{"line":123,"column":3}},"line":110},"12":{"name":"(anonymous_12)","decl":{"start":{"line":113,"column":12},"end":{"line":113,"column":13}},"loc":{"start":{"line":113,"column":24},"end":{"line":121,"column":7}},"line":113},"13":{"name":"(anonymous_13)","decl":{"start":{"line":120,"column":37},"end":{"line":120,"column":38}},"loc":{"start":{"line":120,"column":49},"end":{"line":120,"column":73}},"line":120},"14":{"name":"(anonymous_14)","decl":{"start":{"line":132,"column":29},"end":{"line":132,"column":30}},"loc":{"start":{"line":133,"column":10},"end":{"line":151,"column":17}},"line":133},"15":{"name":"(anonymous_15)","decl":{"start":{"line":153,"column":21},"end":{"line":153,"column":22}},"loc":{"start":{"line":154,"column":10},"end":{"line":163,"column":13}},"line":154},"16":{"name":"(anonymous_16)","decl":{"start":{"line":156,"column":23},"end":{"line":156,"column":24}},"loc":{"start":{"line":156,"column":29},"end":{"line":156,"column":47}},"line":156},"17":{"name":"(anonymous_17)","decl":{"start":{"line":160,"column":23},"end":{"line":160,"column":24}},"loc":{"start":{"line":160,"column":29},"end":{"line":160,"column":47}},"line":160},"18":{"name":"(anonymous_18)","decl":{"start":{"line":170,"column":18},"end":{"line":170,"column":19}},"loc":{"start":{"line":171,"column":2},"end":{"line":177,"column":8}},"line":171},"19":{"name":"(anonymous_19)","decl":{"start":{"line":171,"column":21},"end":{"line":171,"column":22}},"loc":{"start":{"line":171,"column":45},"end":{"line":177,"column":3}},"line":171},"20":{"name":"(anonymous_20)","decl":{"start":{"line":180,"column":4},"end":{"line":180,"column":5}},"loc":{"start":{"line":180,"column":19},"end":{"line":222,"column":3}},"line":180}},"branchMap":{"0":{"loc":{"start":{"line":28,"column":2},"end":{"line":28,"column":24}},"type":"default-arg","locations":[{"start":{"line":28,"column":15},"end":{"line":28,"column":24}}],"line":28},"1":{"loc":{"start":{"line":29,"column":2},"end":{"line":29,"column":27}},"type":"default-arg","locations":[{"start":{"line":29,"column":16},"end":{"line":29,"column":27}}],"line":29},"2":{"loc":{"start":{"line":46,"column":4},"end":{"line":46,"column":65}},"type":"binary-expr","locations":[{"start":{"line":46,"column":4},"end":{"line":46,"column":22}},{"start":{"line":46,"column":27},"end":{"line":46,"column":64}}],"line":46},"3":{"loc":{"start":{"line":52,"column":6},"end":{"line":52,"column":38}},"type":"binary-expr","locations":[{"start":{"line":52,"column":6},"end":{"line":52,"column":17}},{"start":{"line":52,"column":21},"end":{"line":52,"column":38}}],"line":52},"4":{"loc":{"start":{"line":64,"column":6},"end":{"line":64,"column":39}},"type":"binary-expr","locations":[{"start":{"line":64,"column":6},"end":{"line":64,"column":17}},{"start":{"line":64,"column":21},"end":{"line":64,"column":39}}],"line":64},"5":{"loc":{"start":{"line":94,"column":12},"end":{"line":95,"column":70}},"type":"if","locations":[{"start":{"line":94,"column":12},"end":{"line":95,"column":70}},{"start":{},"end":{}}],"line":94},"6":{"loc":{"start":{"line":172,"column":4},"end":{"line":174,"column":5}},"type":"if","locations":[{"start":{"line":172,"column":4},"end":{"line":174,"column":5}},{"start":{},"end":{}}],"line":172}},"s":{"0":0,"1":0,"2":0,"3":0,"4":0,"5":0,"6":0,"7":0,"8":0,"9":0,"10":0,"11":0,"12":0,"13":0,"14":0,"15":0,"16":0,"17":0,"18":0,"19":0,"20":0,"21":0,"22":0,"23":0,"24":0,"25":0,"26":0,"27":0,"28":0,"29":0,"30":0,"31":0,"32":0,"33":0,"34":0,"35":0,"36":0,"37":0,"38":0,"39":0,"40":0,"41":0,"42":0,"43":0,"44":0,"45":0,"46":0,"47":0,"48":0,"49":0,"50":0,"51":0,"52":0,"53":0,"54":0,"55":0,"56":0},"f":{"0":0,"1":0,"2":0,"3":0,"4":0,"5":0,"6":0,"7":0,"8":0,"9":0,"10":0,"11":0,"12":0,"13":0,"14":0,"15":0,"16":0,"17":0,"18":0,"19":0,"20":0},"b":{"0":[0],"1":[0],"2":[0,0],"3":[0,0],"4":[0,0],"5":[0,0],"6":[0,0]}}
,"/Users/noel/Desktop/AGENCIA SERVITEC/korekenke/packages/hosting/src/components/UploadMultiple.js": {"path":"/Users/noel/Desktop/AGENCIA SERVITEC/korekenke/packages/hosting/src/components/UploadMultiple.js","statementMap":{"0":{"start":{"line":50,"column":30},"end":{"line":262,"column":1}},"1":{"start":{"line":69,"column":18},"end":{"line":69,"column":33}},"2":{"start":{"line":71,"column":28},"end":{"line":71,"column":40}},"3":{"start":{"line":72,"column":38},"end":{"line":72,"column":51}},"4":{"start":{"line":73,"column":40},"end":{"line":73,"column":54}},"5":{"start":{"line":74,"column":54},"end":{"line":74,"column":69}},"6":{"start":{"line":76,"column":2},"end":{"line":80,"column":30}},"7":{"start":{"line":77,"column":4},"end":{"line":77,"column":23}},"8":{"start":{"line":77,"column":16},"end":{"line":77,"column":23}},"9":{"start":{"line":79,"column":4},"end":{"line":79,"column":65}},"10":{"start":{"line":79,"column":34},"end":{"line":79,"column":61}},"11":{"start":{"line":82,"column":2},"end":{"line":84,"column":19}},"12":{"start":{"line":83,"column":4},"end":{"line":83,"column":43}},"13":{"start":{"line":86,"column":2},"end":{"line":96,"column":30}},"14":{"start":{"line":87,"column":4},"end":{"line":87,"column":64}},"15":{"start":{"line":87,"column":29},"end":{"line":87,"column":64}},"16":{"start":{"line":89,"column":4},"end":{"line":89,"column":56}},"17":{"start":{"line":89,"column":49},"end":{"line":89,"column":56}},"18":{"start":{"line":91,"column":26},"end":{"line":93,"column":49}},"19":{"start":{"line":92,"column":24},"end":{"line":92,"column":46}},"20":{"start":{"line":93,"column":23},"end":{"line":93,"column":48}},"21":{"start":{"line":95,"column":4},"end":{"line":95,"column":35}},"22":{"start":{"line":98,"column":22},"end":{"line":106,"column":3}},"23":{"start":{"line":99,"column":21},"end":{"line":101,"column":10}},"24":{"start":{"line":100,"column":28},"end":{"line":100,"column":50}},"25":{"start":{"line":103,"column":4},"end":{"line":103,"column":23}},"26":{"start":{"line":105,"column":4},"end":{"line":105,"column":42}},"27":{"start":{"line":108,"column":27},"end":{"line":117,"column":3}},"28":{"start":{"line":109,"column":4},"end":{"line":109,"column":31}},"29":{"start":{"line":111,"column":4},"end":{"line":116,"column":6}},"30":{"start":{"line":119,"column":24},"end":{"line":155,"column":3}},"31":{"start":{"line":120,"column":4},"end":{"line":120,"column":69}},"32":{"start":{"line":122,"column":4},"end":{"line":154,"column":5}},"33":{"start":{"line":123,"column":6},"end":{"line":123,"column":56}},"34":{"start":{"line":125,"column":34},"end":{"line":144,"column":8}},"35":{"start":{"line":133,"column":12},"end":{"line":133,"column":65}},"36":{"start":{"line":135,"column":12},"end":{"line":139,"column":14}},"37":{"start":{"line":141,"column":12},"end":{"line":142,"column":66}},"38":{"start":{"line":146,"column":6},"end":{"line":146,"column":49}},"39":{"start":{"line":146,"column":18},"end":{"line":146,"column":49}},"40":{"start":{"line":148,"column":6},"end":{"line":148,"column":32}},"41":{"start":{"line":150,"column":6},"end":{"line":150,"column":27}},"42":{"start":{"line":151,"column":6},"end":{"line":151,"column":50}},"43":{"start":{"line":153,"column":6},"end":{"line":153,"column":57}},"44":{"start":{"line":157,"column":29},"end":{"line":162,"column":6}},"45":{"start":{"line":158,"column":4},"end":{"line":162,"column":6}},"46":{"start":{"line":164,"column":25},"end":{"line":175,"column":6}},"47":{"start":{"line":165,"column":4},"end":{"line":175,"column":6}},"48":{"start":{"line":166,"column":20},"end":{"line":168,"column":7}},"49":{"start":{"line":167,"column":22},"end":{"line":167,"column":47}},"50":{"start":{"line":170,"column":24},"end":{"line":170,"column":38}},"51":{"start":{"line":172,"column":6},"end":{"line":172,"column":30}},"52":{"start":{"line":174,"column":6},"end":{"line":174,"column":23}},"53":{"start":{"line":177,"column":25},"end":{"line":181,"column":3}},"54":{"start":{"line":178,"column":4},"end":{"line":178,"column":39}},"55":{"start":{"line":178,"column":32},"end":{"line":178,"column":39}},"56":{"start":{"line":180,"column":4},"end":{"line":180,"column":23}},"57":{"start":{"line":183,"column":20},"end":{"line":183,"column":50}},"58":{"start":{"line":183,"column":30},"end":{"line":183,"column":50}},"59":{"start":{"line":185,"column":19},"end":{"line":194,"column":6}},"60":{"start":{"line":186,"column":4},"end":{"line":194,"column":6}},"61":{"start":{"line":187,"column":6},"end":{"line":193,"column":9}},"62":{"start":{"line":190,"column":10},"end":{"line":190,"column":33}},"63":{"start":{"line":191,"column":10},"end":{"line":191,"column":24}},"64":{"start":{"line":196,"column":21},"end":{"line":202,"column":3}},"65":{"start":{"line":197,"column":4},"end":{"line":197,"column":74}},"66":{"start":{"line":199,"column":4},"end":{"line":201,"column":6}},"67":{"start":{"line":200,"column":6},"end":{"line":200,"column":63}},"68":{"start":{"line":200,"column":37},"end":{"line":200,"column":62}},"69":{"start":{"line":204,"column":2},"end":{"line":261,"column":4}},"70":{"start":{"line":256,"column":26},"end":{"line":256,"column":46}},"71":{"start":{"line":264,"column":21},"end":{"line":280,"column":1}},"72":{"start":{"line":282,"column":26},"end":{"line":284,"column":1}}},"fnMap":{"0":{"name":"(anonymous_0)","decl":{"start":{"line":50,"column":30},"end":{"line":50,"column":31}},"loc":{"start":{"line":68,"column":6},"end":{"line":262,"column":1}},"line":68},"1":{"name":"(anonymous_1)","decl":{"start":{"line":76,"column":12},"end":{"line":76,"column":13}},"loc":{"start":{"line":76,"column":18},"end":{"line":80,"column":3}},"line":76},"2":{"name":"(anonymous_2)","decl":{"start":{"line":79,"column":23},"end":{"line":79,"column":24}},"loc":{"start":{"line":79,"column":34},"end":{"line":79,"column":61}},"line":79},"3":{"name":"(anonymous_3)","decl":{"start":{"line":82,"column":12},"end":{"line":82,"column":13}},"loc":{"start":{"line":82,"column":18},"end":{"line":84,"column":3}},"line":82},"4":{"name":"(anonymous_4)","decl":{"start":{"line":86,"column":12},"end":{"line":86,"column":13}},"loc":{"start":{"line":86,"column":18},"end":{"line":96,"column":3}},"line":86},"5":{"name":"(anonymous_5)","decl":{"start":{"line":92,"column":14},"end":{"line":92,"column":15}},"loc":{"start":{"line":92,"column":24},"end":{"line":92,"column":46}},"line":92},"6":{"name":"(anonymous_6)","decl":{"start":{"line":93,"column":13},"end":{"line":93,"column":14}},"loc":{"start":{"line":93,"column":23},"end":{"line":93,"column":48}},"line":93},"7":{"name":"(anonymous_7)","decl":{"start":{"line":98,"column":22},"end":{"line":98,"column":23}},"loc":{"start":{"line":98,"column":28},"end":{"line":106,"column":3}},"line":98},"8":{"name":"(anonymous_8)","decl":{"start":{"line":100,"column":18},"end":{"line":100,"column":19}},"loc":{"start":{"line":100,"column":28},"end":{"line":100,"column":50}},"line":100},"9":{"name":"(anonymous_9)","decl":{"start":{"line":108,"column":27},"end":{"line":108,"column":28}},"loc":{"start":{"line":108,"column":61},"end":{"line":117,"column":3}},"line":108},"10":{"name":"(anonymous_10)","decl":{"start":{"line":119,"column":24},"end":{"line":119,"column":25}},"loc":{"start":{"line":119,"column":49},"end":{"line":155,"column":3}},"line":119},"11":{"name":"(anonymous_11)","decl":{"start":{"line":132,"column":19},"end":{"line":132,"column":20}},"loc":{"start":{"line":133,"column":12},"end":{"line":133,"column":65}},"line":133},"12":{"name":"(anonymous_12)","decl":{"start":{"line":134,"column":22},"end":{"line":134,"column":23}},"loc":{"start":{"line":135,"column":12},"end":{"line":139,"column":14}},"line":135},"13":{"name":"(anonymous_13)","decl":{"start":{"line":140,"column":21},"end":{"line":140,"column":22}},"loc":{"start":{"line":141,"column":12},"end":{"line":142,"column":66}},"line":141},"14":{"name":"(anonymous_14)","decl":{"start":{"line":157,"column":29},"end":{"line":157,"column":30}},"loc":{"start":{"line":158,"column":4},"end":{"line":162,"column":6}},"line":158},"15":{"name":"(anonymous_15)","decl":{"start":{"line":164,"column":25},"end":{"line":164,"column":26}},"loc":{"start":{"line":165,"column":4},"end":{"line":175,"column":6}},"line":165},"16":{"name":"(anonymous_16)","decl":{"start":{"line":165,"column":13},"end":{"line":165,"column":14}},"loc":{"start":{"line":165,"column":28},"end":{"line":175,"column":5}},"line":165},"17":{"name":"(anonymous_17)","decl":{"start":{"line":167,"column":8},"end":{"line":167,"column":9}},"loc":{"start":{"line":167,"column":22},"end":{"line":167,"column":47}},"line":167},"18":{"name":"(anonymous_18)","decl":{"start":{"line":177,"column":25},"end":{"line":177,"column":26}},"loc":{"start":{"line":177,"column":49},"end":{"line":181,"column":3}},"line":177},"19":{"name":"(anonymous_19)","decl":{"start":{"line":183,"column":20},"end":{"line":183,"column":21}},"loc":{"start":{"line":183,"column":30},"end":{"line":183,"column":50}},"line":183},"20":{"name":"(anonymous_20)","decl":{"start":{"line":185,"column":19},"end":{"line":185,"column":20}},"loc":{"start":{"line":186,"column":4},"end":{"line":194,"column":6}},"line":186},"21":{"name":"(anonymous_21)","decl":{"start":{"line":186,"column":16},"end":{"line":186,"column":17}},"loc":{"start":{"line":186,"column":29},"end":{"line":194,"column":5}},"line":186},"22":{"name":"(anonymous_22)","decl":{"start":{"line":189,"column":14},"end":{"line":189,"column":15}},"loc":{"start":{"line":189,"column":26},"end":{"line":192,"column":9}},"line":189},"23":{"name":"(anonymous_23)","decl":{"start":{"line":196,"column":21},"end":{"line":196,"column":22}},"loc":{"start":{"line":196,"column":37},"end":{"line":202,"column":3}},"line":196},"24":{"name":"(anonymous_24)","decl":{"start":{"line":199,"column":13},"end":{"line":199,"column":14}},"loc":{"start":{"line":200,"column":6},"end":{"line":200,"column":63}},"line":200},"25":{"name":"(anonymous_25)","decl":{"start":{"line":200,"column":23},"end":{"line":200,"column":24}},"loc":{"start":{"line":200,"column":37},"end":{"line":200,"column":62}},"line":200},"26":{"name":"(anonymous_26)","decl":{"start":{"line":256,"column":20},"end":{"line":256,"column":21}},"loc":{"start":{"line":256,"column":26},"end":{"line":256,"column":46}},"line":256}},"branchMap":{"0":{"loc":{"start":{"line":52,"column":2},"end":{"line":52,"column":20}},"type":"default-arg","locations":[{"start":{"line":52,"column":11},"end":{"line":52,"column":20}}],"line":52},"1":{"loc":{"start":{"line":53,"column":2},"end":{"line":53,"column":29}},"type":"default-arg","locations":[{"start":{"line":53,"column":15},"end":{"line":53,"column":29}}],"line":53},"2":{"loc":{"start":{"line":54,"column":2},"end":{"line":54,"column":16}},"type":"default-arg","locations":[{"start":{"line":54,"column":12},"end":{"line":54,"column":16}}],"line":54},"3":{"loc":{"start":{"line":55,"column":2},"end":{"line":55,"column":15}},"type":"default-arg","locations":[{"start":{"line":55,"column":10},"end":{"line":55,"column":15}}],"line":55},"4":{"loc":{"start":{"line":59,"column":2},"end":{"line":59,"column":16}},"type":"default-arg","locations":[{"start":{"line":59,"column":12},"end":{"line":59,"column":16}}],"line":59},"5":{"loc":{"start":{"line":61,"column":2},"end":{"line":61,"column":18}},"type":"default-arg","locations":[{"start":{"line":61,"column":13},"end":{"line":61,"column":18}}],"line":61},"6":{"loc":{"start":{"line":62,"column":2},"end":{"line":62,"column":20}},"type":"default-arg","locations":[{"start":{"line":62,"column":11},"end":{"line":62,"column":20}}],"line":62},"7":{"loc":{"start":{"line":67,"column":2},"end":{"line":67,"column":29}},"type":"default-arg","locations":[{"start":{"line":67,"column":25},"end":{"line":67,"column":29}}],"line":67},"8":{"loc":{"start":{"line":77,"column":4},"end":{"line":77,"column":23}},"type":"if","locations":[{"start":{"line":77,"column":4},"end":{"line":77,"column":23}},{"start":{},"end":{}}],"line":77},"9":{"loc":{"start":{"line":83,"column":4},"end":{"line":83,"column":42}},"type":"binary-expr","locations":[{"start":{"line":83,"column":4},"end":{"line":83,"column":15}},{"start":{"line":83,"column":19},"end":{"line":83,"column":42}}],"line":83},"10":{"loc":{"start":{"line":87,"column":4},"end":{"line":87,"column":64}},"type":"if","locations":[{"start":{"line":87,"column":4},"end":{"line":87,"column":64}},{"start":{},"end":{}}],"line":87},"11":{"loc":{"start":{"line":89,"column":4},"end":{"line":89,"column":56}},"type":"if","locations":[{"start":{"line":89,"column":4},"end":{"line":89,"column":56}},{"start":{},"end":{}}],"line":89},"12":{"loc":{"start":{"line":89,"column":8},"end":{"line":89,"column":47}},"type":"binary-expr","locations":[{"start":{"line":89,"column":8},"end":{"line":89,"column":29}},{"start":{"line":89,"column":33},"end":{"line":89,"column":47}}],"line":89},"13":{"loc":{"start":{"line":95,"column":4},"end":{"line":95,"column":34}},"type":"binary-expr","locations":[{"start":{"line":95,"column":4},"end":{"line":95,"column":17}},{"start":{"line":95,"column":21},"end":{"line":95,"column":34}}],"line":95},"14":{"loc":{"start":{"line":99,"column":21},"end":{"line":101,"column":10}},"type":"cond-expr","locations":[{"start":{"line":100,"column":8},"end":{"line":100,"column":51}},{"start":{"line":101,"column":8},"end":{"line":101,"column":10}}],"line":99},"15":{"loc":{"start":{"line":105,"column":4},"end":{"line":105,"column":41}},"type":"binary-expr","locations":[{"start":{"line":105,"column":4},"end":{"line":105,"column":25}},{"start":{"line":105,"column":29},"end":{"line":105,"column":41}}],"line":105},"16":{"loc":{"start":{"line":133,"column":12},"end":{"line":133,"column":65}},"type":"binary-expr","locations":[{"start":{"line":133,"column":12},"end":{"line":133,"column":33}},{"start":{"line":133,"column":37},"end":{"line":133,"column":65}}],"line":133},"17":{"loc":{"start":{"line":135,"column":12},"end":{"line":139,"column":14}},"type":"binary-expr","locations":[{"start":{"line":135,"column":12},"end":{"line":135,"column":36}},{"start":{"line":136,"column":12},"end":{"line":139,"column":14}}],"line":135},"18":{"loc":{"start":{"line":141,"column":12},"end":{"line":142,"column":66}},"type":"binary-expr","locations":[{"start":{"line":141,"column":12},"end":{"line":141,"column":35}},{"start":{"line":142,"column":12},"end":{"line":142,"column":66}}],"line":141},"19":{"loc":{"start":{"line":146,"column":6},"end":{"line":146,"column":49}},"type":"if","locations":[{"start":{"line":146,"column":6},"end":{"line":146,"column":49}},{"start":{},"end":{}}],"line":146},"20":{"loc":{"start":{"line":178,"column":4},"end":{"line":178,"column":39}},"type":"if","locations":[{"start":{"line":178,"column":4},"end":{"line":178,"column":39}},{"start":{},"end":{}}],"line":178},"21":{"loc":{"start":{"line":214,"column":11},"end":{"line":248,"column":11}},"type":"cond-expr","locations":[{"start":{"line":215,"column":12},"end":{"line":230,"column":33}},{"start":{"line":232,"column":12},"end":{"line":247,"column":27}}],"line":214},"22":{"loc":{"start":{"line":244,"column":25},"end":{"line":244,"column":60}},"type":"cond-expr","locations":[{"start":{"line":244,"column":33},"end":{"line":244,"column":53}},{"start":{"line":244,"column":56},"end":{"line":244,"column":60}}],"line":244},"23":{"loc":{"start":{"line":251,"column":7},"end":{"line":259,"column":7}},"type":"binary-expr","locations":[{"start":{"line":251,"column":7},"end":{"line":251,"column":23}},{"start":{"line":252,"column":8},"end":{"line":258,"column":10}}],"line":251},"24":{"loc":{"start":{"line":254,"column":20},"end":{"line":254,"column":61}},"type":"binary-expr","locations":[{"start":{"line":254,"column":20},"end":{"line":254,"column":41}},{"start":{"line":254,"column":45},"end":{"line":254,"column":61}}],"line":254}},"s":{"0":0,"1":0,"2":0,"3":0,"4":0,"5":0,"6":0,"7":0,"8":0,"9":0,"10":0,"11":0,"12":0,"13":0,"14":0,"15":0,"16":0,"17":0,"18":0,"19":0,"20":0,"21":0,"22":0,"23":0,"24":0,"25":0,"26":0,"27":0,"28":0,"29":0,"30":0,"31":0,"32":0,"33":0,"34":0,"35":0,"36":0,"37":0,"38":0,"39":0,"40":0,"41":0,"42":0,"43":0,"44":0,"45":0,"46":0,"47":0,"48":0,"49":0,"50":0,"51":0,"52":0,"53":0,"54":0,"55":0,"56":0,"57":0,"58":0,"59":0,"60":0,"61":0,"62":0,"63":0,"64":0,"65":0,"66":0,"67":0,"68":0,"69":0,"70":0,"71":0,"72":0},"f":{"0":0,"1":0,"2":0,"3":0,"4":0,"5":0,"6":0,"7":0,"8":0,"9":0,"10":0,"11":0,"12":0,"13":0,"14":0,"15":0,"16":0,"17":0,"18":0,"19":0,"20":0,"21":0,"22":0,"23":0,"24":0,"25":0,"26":0},"b":{"0":[0],"1":[0],"2":[0],"3":[0],"4":[0],"5":[0],"6":[0],"7":[0],"8":[0,0],"9":[0,0],"10":[0,0],"11":[0,0],"12":[0,0],"13":[0,0],"14":[0,0],"15":[0,0],"16":[0,0],"17":[0,0],"18":[0,0],"19":[0,0],"20":[0,0],"21":[0,0],"22":[0,0],"23":[0,0],"24":[0,0]}}
,"/Users/noel/Desktop/AGENCIA SERVITEC/korekenke/packages/hosting/src/components/index.js": {"path":"/Users/noel/Desktop/AGENCIA SERVITEC/korekenke/packages/hosting/src/components/index.js","statementMap":{},"fnMap":{},"branchMap":{},"s":{},"f":{},"b":{}}
,"/Users/noel/Desktop/AGENCIA SERVITEC/korekenke/packages/hosting/src/components/layout/AdminLayout.js": {"path":"/Users/noel/Desktop/AGENCIA SERVITEC/korekenke/packages/hosting/src/components/layout/AdminLayout.js","statementMap":{"0":{"start":{"line":12,"column":20},"end":{"line":12,"column":30}},"1":{"start":{"line":14,"column":27},"end":{"line":66,"column":1}},"2":{"start":{"line":15,"column":19},"end":{"line":15,"column":32}},"3":{"start":{"line":16,"column":31},"end":{"line":16,"column":50}},"4":{"start":{"line":17,"column":32},"end":{"line":17,"column":54}},"5":{"start":{"line":19,"column":42},"end":{"line":19,"column":57}},"6":{"start":{"line":20,"column":48},"end":{"line":20,"column":63}},"7":{"start":{"line":21,"column":42},"end":{"line":21,"column":57}},"8":{"start":{"line":23,"column":23},"end":{"line":23,"column":45}},"9":{"start":{"line":23,"column":32},"end":{"line":23,"column":45}},"10":{"start":{"line":25,"column":30},"end":{"line":33,"column":3}},"11":{"start":{"line":26,"column":4},"end":{"line":32,"column":5}},"12":{"start":{"line":27,"column":6},"end":{"line":27,"column":28}},"13":{"start":{"line":28,"column":6},"end":{"line":28,"column":36}},"14":{"start":{"line":30,"column":6},"end":{"line":30,"column":29}},"15":{"start":{"line":31,"column":6},"end":{"line":31,"column":29}},"16":{"start":{"line":35,"column":2},"end":{"line":65,"column":4}},"17":{"start":{"line":68,"column":24},"end":{"line":80,"column":1}}},"fnMap":{"0":{"name":"(anonymous_0)","decl":{"start":{"line":14,"column":27},"end":{"line":14,"column":28}},"loc":{"start":{"line":14,"column":45},"end":{"line":66,"column":1}},"line":14},"1":{"name":"(anonymous_1)","decl":{"start":{"line":23,"column":23},"end":{"line":23,"column":24}},"loc":{"start":{"line":23,"column":32},"end":{"line":23,"column":45}},"line":23},"2":{"name":"(anonymous_2)","decl":{"start":{"line":25,"column":30},"end":{"line":25,"column":31}},"loc":{"start":{"line":25,"column":46},"end":{"line":33,"column":3}},"line":25}},"branchMap":{},"s":{"0":0,"1":0,"2":0,"3":0,"4":0,"5":0,"6":0,"7":0,"8":0,"9":0,"10":0,"11":0,"12":0,"13":0,"14":0,"15":0,"16":0,"17":0},"f":{"0":0,"1":0,"2":0},"b":{}}
,"/Users/noel/Desktop/AGENCIA SERVITEC/korekenke/packages/hosting/src/components/layout/Breadcrumb.js": {"path":"/Users/noel/Desktop/AGENCIA SERVITEC/korekenke/packages/hosting/src/components/layout/Breadcrumb.js","statementMap":{"0":{"start":{"line":6,"column":32},"end":{"line":24,"column":1}},"1":{"start":{"line":7,"column":24},"end":{"line":7,"column":39}},"2":{"start":{"line":8,"column":17},"end":{"line":8,"column":79}},"3":{"start":{"line":8,"column":72},"end":{"line":8,"column":78}},"4":{"start":{"line":10,"column":19},"end":{"line":12,"column":3}},"5":{"start":{"line":11,"column":4},"end":{"line":11,"column":58}},"6":{"start":{"line":11,"column":36},"end":{"line":11,"column":56}},"7":{"start":{"line":14,"column":2},"end":{"line":23,"column":4}},"8":{"start":{"line":20,"column":8},"end":{"line":20,"column":75}}},"fnMap":{"0":{"name":"(anonymous_0)","decl":{"start":{"line":6,"column":32},"end":{"line":6,"column":33}},"loc":{"start":{"line":6,"column":46},"end":{"line":24,"column":1}},"line":6},"1":{"name":"(anonymous_1)","decl":{"start":{"line":8,"column":60},"end":{"line":8,"column":61}},"loc":{"start":{"line":8,"column":72},"end":{"line":8,"column":78}},"line":8},"2":{"name":"(anonymous_2)","decl":{"start":{"line":10,"column":19},"end":{"line":10,"column":20}},"loc":{"start":{"line":10,"column":33},"end":{"line":12,"column":3}},"line":10},"3":{"name":"(anonymous_3)","decl":{"start":{"line":11,"column":26},"end":{"line":11,"column":27}},"loc":{"start":{"line":11,"column":36},"end":{"line":11,"column":56}},"line":11},"4":{"name":"(anonymous_4)","decl":{"start":{"line":19,"column":26},"end":{"line":19,"column":27}},"loc":{"start":{"line":20,"column":8},"end":{"line":20,"column":75}},"line":20}},"branchMap":{"0":{"loc":{"start":{"line":17,"column":20},"end":{"line":17,"column":64}},"type":"binary-expr","locations":[{"start":{"line":17,"column":20},"end":{"line":17,"column":54}},{"start":{"line":17,"column":58},"end":{"line":17,"column":64}}],"line":17},"1":{"loc":{"start":{"line":19,"column":8},"end":{"line":19,"column":20}},"type":"binary-expr","locations":[{"start":{"line":19,"column":8},"end":{"line":19,"column":14}},{"start":{"line":19,"column":18},"end":{"line":19,"column":20}}],"line":19}},"s":{"0":0,"1":0,"2":0,"3":0,"4":0,"5":0,"6":0,"7":0,"8":0},"f":{"0":0,"1":0,"2":0,"3":0,"4":0},"b":{"0":[0,0],"1":[0,0]}}
,"/Users/noel/Desktop/AGENCIA SERVITEC/korekenke/packages/hosting/src/components/layout/DrawerLayout.js": {"path":"/Users/noel/Desktop/AGENCIA SERVITEC/korekenke/packages/hosting/src/components/layout/DrawerLayout.js","statementMap":{"0":{"start":{"line":20,"column":28},"end":{"line":198,"column":1}},"1":{"start":{"line":26,"column":36},"end":{"line":27,"column":61}},"2":{"start":{"line":27,"column":4},"end":{"line":27,"column":61}},"3":{"start":{"line":27,"column":37},"end":{"line":27,"column":60}},"4":{"start":{"line":29,"column":16},"end":{"line":160,"column":3}},"5":{"start":{"line":36,"column":8},"end":{"line":36,"column":30}},"6":{"start":{"line":37,"column":8},"end":{"line":37,"column":36}},"7":{"start":{"line":54,"column":12},"end":{"line":54,"column":48}},"8":{"start":{"line":55,"column":12},"end":{"line":55,"column":40}},"9":{"start":{"line":63,"column":12},"end":{"line":63,"column":41}},"10":{"start":{"line":64,"column":12},"end":{"line":64,"column":40}},"11":{"start":{"line":87,"column":12},"end":{"line":87,"column":35}},"12":{"start":{"line":88,"column":12},"end":{"line":88,"column":40}},"13":{"start":{"line":97,"column":12},"end":{"line":97,"column":38}},"14":{"start":{"line":98,"column":12},"end":{"line":98,"column":40}},"15":{"start":{"line":107,"column":12},"end":{"line":107,"column":41}},"16":{"start":{"line":108,"column":12},"end":{"line":108,"column":40}},"17":{"start":{"line":117,"column":12},"end":{"line":117,"column":38}},"18":{"start":{"line":118,"column":12},"end":{"line":118,"column":40}},"19":{"start":{"line":127,"column":12},"end":{"line":127,"column":37}},"20":{"start":{"line":128,"column":12},"end":{"line":128,"column":40}},"21":{"start":{"line":139,"column":8},"end":{"line":139,"column":41}},"22":{"start":{"line":140,"column":8},"end":{"line":140,"column":36}},"23":{"start":{"line":154,"column":12},"end":{"line":154,"column":48}},"24":{"start":{"line":155,"column":12},"end":{"line":155,"column":40}},"25":{"start":{"line":162,"column":27},"end":{"line":172,"column":3}},"26":{"start":{"line":163,"column":4},"end":{"line":171,"column":7}},"27":{"start":{"line":164,"column":6},"end":{"line":168,"column":7}},"28":{"start":{"line":165,"column":8},"end":{"line":167,"column":10}},"29":{"start":{"line":166,"column":25},"end":{"line":166,"column":44}},"30":{"start":{"line":170,"column":6},"end":{"line":170,"column":28}},"31":{"start":{"line":174,"column":2},"end":{"line":197,"column":4}},"32":{"start":{"line":185,"column":21},"end":{"line":185,"column":59}},"33":{"start":{"line":200,"column":24},"end":{"line":213,"column":1}}},"fnMap":{"0":{"name":"(anonymous_0)","decl":{"start":{"line":20,"column":28},"end":{"line":20,"column":29}},"loc":{"start":{"line":25,"column":6},"end":{"line":198,"column":1}},"line":25},"1":{"name":"(anonymous_1)","decl":{"start":{"line":26,"column":36},"end":{"line":26,"column":37}},"loc":{"start":{"line":27,"column":4},"end":{"line":27,"column":61}},"line":27},"2":{"name":"(anonymous_2)","decl":{"start":{"line":27,"column":28},"end":{"line":27,"column":29}},"loc":{"start":{"line":27,"column":37},"end":{"line":27,"column":60}},"line":27},"3":{"name":"(anonymous_3)","decl":{"start":{"line":35,"column":15},"end":{"line":35,"column":16}},"loc":{"start":{"line":35,"column":21},"end":{"line":38,"column":7}},"line":35},"4":{"name":"(anonymous_4)","decl":{"start":{"line":53,"column":19},"end":{"line":53,"column":20}},"loc":{"start":{"line":53,"column":25},"end":{"line":56,"column":11}},"line":53},"5":{"name":"(anonymous_5)","decl":{"start":{"line":62,"column":19},"end":{"line":62,"column":20}},"loc":{"start":{"line":62,"column":25},"end":{"line":65,"column":11}},"line":62},"6":{"name":"(anonymous_6)","decl":{"start":{"line":86,"column":19},"end":{"line":86,"column":20}},"loc":{"start":{"line":86,"column":25},"end":{"line":89,"column":11}},"line":86},"7":{"name":"(anonymous_7)","decl":{"start":{"line":96,"column":19},"end":{"line":96,"column":20}},"loc":{"start":{"line":96,"column":25},"end":{"line":99,"column":11}},"line":96},"8":{"name":"(anonymous_8)","decl":{"start":{"line":106,"column":19},"end":{"line":106,"column":20}},"loc":{"start":{"line":106,"column":25},"end":{"line":109,"column":11}},"line":106},"9":{"name":"(anonymous_9)","decl":{"start":{"line":116,"column":19},"end":{"line":116,"column":20}},"loc":{"start":{"line":116,"column":25},"end":{"line":119,"column":11}},"line":116},"10":{"name":"(anonymous_10)","decl":{"start":{"line":126,"column":19},"end":{"line":126,"column":20}},"loc":{"start":{"line":126,"column":25},"end":{"line":129,"column":11}},"line":126},"11":{"name":"(anonymous_11)","decl":{"start":{"line":138,"column":15},"end":{"line":138,"column":16}},"loc":{"start":{"line":138,"column":21},"end":{"line":141,"column":7}},"line":138},"12":{"name":"(anonymous_12)","decl":{"start":{"line":153,"column":19},"end":{"line":153,"column":20}},"loc":{"start":{"line":153,"column":25},"end":{"line":156,"column":11}},"line":153},"13":{"name":"(anonymous_13)","decl":{"start":{"line":162,"column":27},"end":{"line":162,"column":28}},"loc":{"start":{"line":162,"column":38},"end":{"line":172,"column":3}},"line":162},"14":{"name":"(anonymous_14)","decl":{"start":{"line":163,"column":24},"end":{"line":163,"column":25}},"loc":{"start":{"line":163,"column":34},"end":{"line":171,"column":5}},"line":163},"15":{"name":"(anonymous_15)","decl":{"start":{"line":166,"column":10},"end":{"line":166,"column":11}},"loc":{"start":{"line":166,"column":25},"end":{"line":166,"column":44}},"line":166},"16":{"name":"(anonymous_16)","decl":{"start":{"line":185,"column":15},"end":{"line":185,"column":16}},"loc":{"start":{"line":185,"column":21},"end":{"line":185,"column":59}},"line":185}},"branchMap":{"0":{"loc":{"start":{"line":26,"column":37},"end":{"line":26,"column":50}},"type":"default-arg","locations":[{"start":{"line":26,"column":48},"end":{"line":26,"column":50}}],"line":26},"1":{"loc":{"start":{"line":27,"column":5},"end":{"line":27,"column":21}},"type":"binary-expr","locations":[{"start":{"line":27,"column":5},"end":{"line":27,"column":15}},{"start":{"line":27,"column":19},"end":{"line":27,"column":21}}],"line":27},"2":{"loc":{"start":{"line":164,"column":6},"end":{"line":168,"column":7}},"type":"if","locations":[{"start":{"line":164,"column":6},"end":{"line":168,"column":7}},{"start":{},"end":{}}],"line":164},"3":{"loc":{"start":{"line":165,"column":25},"end":{"line":165,"column":45}},"type":"binary-expr","locations":[{"start":{"line":165,"column":25},"end":{"line":165,"column":39}},{"start":{"line":165,"column":43},"end":{"line":165,"column":45}}],"line":165}},"s":{"0":0,"1":0,"2":0,"3":0,"4":0,"5":0,"6":0,"7":0,"8":0,"9":0,"10":0,"11":0,"12":0,"13":0,"14":0,"15":0,"16":0,"17":0,"18":0,"19":0,"20":0,"21":0,"22":0,"23":0,"24":0,"25":0,"26":0,"27":0,"28":0,"29":0,"30":0,"31":0,"32":0,"33":0},"f":{"0":0,"1":0,"2":0,"3":0,"4":0,"5":0,"6":0,"7":0,"8":0,"9":0,"10":0,"11":0,"12":0,"13":0,"14":0,"15":0,"16":0},"b":{"0":[0],"1":[0,0],"2":[0,0],"3":[0,0]}}
,"/Users/noel/Desktop/AGENCIA SERVITEC/korekenke/packages/hosting/src/components/layout/FooterLayout.js": {"path":"/Users/noel/Desktop/AGENCIA SERVITEC/korekenke/packages/hosting/src/components/layout/FooterLayout.js","statementMap":{"0":{"start":{"line":4,"column":19},"end":{"line":4,"column":25}},"1":{"start":{"line":6,"column":28},"end":{"line":12,"column":1}},"2":{"start":{"line":7,"column":2},"end":{"line":11,"column":4}}},"fnMap":{"0":{"name":"(anonymous_0)","decl":{"start":{"line":6,"column":28},"end":{"line":6,"column":29}},"loc":{"start":{"line":6,"column":34},"end":{"line":12,"column":1}},"line":6}},"branchMap":{},"s":{"0":0,"1":0,"2":0},"f":{"0":0},"b":{}}
[...]
,"/Users/noel/Desktop/AGENCIA SERVITEC/korekenke/packages/hosting/src/styles/themes/index.js": {"path":"/Users/noel/Desktop/AGENCIA SERVITEC/korekenke/packages/hosting/src/styles/themes/index.js","statementMap":{},"fnMap":{},"branchMap":{},"s":{},"f":{},"b":{}}
,"/Users/noel/Desktop/AGENCIA SERVITEC/korekenke/packages/hosting/src/styles/themes/theme.js": {"path":"/Users/noel/Desktop/AGENCIA SERVITEC/korekenke/packages/hosting/src/styles/themes/theme.js","statementMap":{"0":{"start":{"line":1,"column":21},"end":{"line":60,"column":1}}},"fnMap":{},"branchMap":{},"s":{"0":0},"f":{},"b":{}}
,"/Users/noel/Desktop/AGENCIA SERVITEC/korekenke/packages/hosting/src/utils/acl.js": {"path":"/Users/noel/Desktop/AGENCIA SERVITEC/korekenke/packages/hosting/src/utils/acl.js","statementMap":{"0":{"start":{"line":4,"column":25},"end":{"line":9,"column":3}},"1":{"start":{"line":5,"column":2},"end":{"line":9,"column":3}},"2":{"start":{"line":7,"column":25},"end":{"line":7,"column":67}},"3":{"start":{"line":8,"column":26},"end":{"line":8,"column":64}},"4":{"start":{"line":11,"column":30},"end":{"line":12,"column":76}},"5":{"start":{"line":12,"column":2},"end":{"line":12,"column":76}},"6":{"start":{"line":12,"column":60},"end":{"line":12,"column":74}},"7":{"start":{"line":14,"column":23},"end":{"line":26,"column":2}},"8":{"start":{"line":14,"column":39},"end":{"line":26,"column":1}},"9":{"start":{"line":28,"column":21},"end":{"line":31,"column":62}},"10":{"start":{"line":29,"column":2},"end":{"line":31,"column":62}},"11":{"start":{"line":30,"column":21},"end":{"line":30,"column":63}},"12":{"start":{"line":31,"column":22},"end":{"line":31,"column":60}},"13":{"start":{"line":33,"column":26},"end":{"line":34,"column":38}},"14":{"start":{"line":34,"column":2},"end":{"line":34,"column":38}},"15":{"start":{"line":34,"column":23},"end":{"line":34,"column":37}}},"fnMap":{"0":{"name":"(anonymous_0)","decl":{"start":{"line":4,"column":25},"end":{"line":4,"column":26}},"loc":{"start":{"line":5,"column":2},"end":{"line":9,"column":3}},"line":5},"1":{"name":"(anonymous_1)","decl":{"start":{"line":7,"column":14},"end":{"line":7,"column":15}},"loc":{"start":{"line":7,"column":25},"end":{"line":7,"column":67}},"line":7},"2":{"name":"(anonymous_2)","decl":{"start":{"line":8,"column":14},"end":{"line":8,"column":15}},"loc":{"start":{"line":8,"column":26},"end":{"line":8,"column":64}},"line":8},"3":{"name":"(anonymous_3)","decl":{"start":{"line":11,"column":30},"end":{"line":11,"column":31}},"loc":{"start":{"line":12,"column":2},"end":{"line":12,"column":76}},"line":12},"4":{"name":"(anonymous_4)","decl":{"start":{"line":12,"column":49},"end":{"line":12,"column":50}},"loc":{"start":{"line":12,"column":60},"end":{"line":12,"column":74}},"line":12},"5":{"name":"(anonymous_5)","decl":{"start":{"line":14,"column":23},"end":{"line":14,"column":24}},"loc":{"start":{"line":14,"column":39},"end":{"line":26,"column":1}},"line":14},"6":{"name":"(anonymous_6)","decl":{"start":{"line":28,"column":21},"end":{"line":28,"column":22}},"loc":{"start":{"line":29,"column":2},"end":{"line":31,"column":62}},"line":29},"7":{"name":"(anonymous_7)","decl":{"start":{"line":30,"column":12},"end":{"line":30,"column":13}},"loc":{"start":{"line":30,"column":21},"end":{"line":30,"column":63}},"line":30},"8":{"name":"(anonymous_8)","decl":{"start":{"line":31,"column":12},"end":{"line":31,"column":13}},"loc":{"start":{"line":31,"column":22},"end":{"line":31,"column":60}},"line":31},"9":{"name":"(anonymous_9)","decl":{"start":{"line":33,"column":26},"end":{"line":33,"column":27}},"loc":{"start":{"line":34,"column":2},"end":{"line":34,"column":38}},"line":34},"10":{"name":"(anonymous_10)","decl":{"start":{"line":34,"column":14},"end":{"line":34,"column":15}},"loc":{"start":{"line":34,"column":23},"end":{"line":34,"column":37}},"line":34}},"branchMap":{"0":{"loc":{"start":{"line":4,"column":34},"end":{"line":4,"column":45}},"type":"default-arg","locations":[{"start":{"line":4,"column":43},"end":{"line":4,"column":45}}],"line":4},"1":{"loc":{"start":{"line":8,"column":26},"end":{"line":8,"column":64}},"type":"cond-expr","locations":[{"start":{"line":8,"column":35},"end":{"line":8,"column":57}},{"start":{"line":8,"column":60},"end":{"line":8,"column":64}}],"line":8},"2":{"loc":{"start":{"line":14,"column":24},"end":{"line":14,"column":33}},"type":"default-arg","locations":[{"start":{"line":14,"column":31},"end":{"line":14,"column":33}}],"line":14},"3":{"loc":{"start":{"line":28,"column":22},"end":{"line":28,"column":31}},"type":"default-arg","locations":[{"start":{"line":28,"column":29},"end":{"line":28,"column":31}}],"line":28},"4":{"loc":{"start":{"line":28,"column":41},"end":{"line":28,"column":52}},"type":"default-arg","locations":[{"start":{"line":28,"column":50},"end":{"line":28,"column":52}}],"line":28},"5":{"loc":{"start":{"line":31,"column":22},"end":{"line":31,"column":60}},"type":"cond-expr","locations":[{"start":{"line":31,"column":31},"end":{"line":31,"column":53}},{"start":{"line":31,"column":56},"end":{"line":31,"column":60}}],"line":31},"6":{"loc":{"start":{"line":33,"column":27},"end":{"line":33,"column":36}},"type":"default-arg","locations":[{"start":{"line":33,"column":34},"end":{"line":33,"column":36}}],"line":33}},"s":{"0":0,"1":0,"2":0,"3":0,"4":0,"5":0,"6":0,"7":0,"8":0,"9":0,"10":0,"11":0,"12":0,"13":0,"14":0,"15":0},"f":{"0":0,"1":0,"2":0,"3":0,"4":0,"5":0,"6":0,"7":0,"8":0,"9":0,"10":0},"b":{"0":[0],"1":[0,0],"2":[0],"3":[0],"4":[0],"5":[0,0],"6":[0]}}
,"/Users/noel/Desktop/AGENCIA SERVITEC/korekenke/packages/hosting/src/utils/getNameId.js": {"path":"/Users/noel/Desktop/AGENCIA SERVITEC/korekenke/packages/hosting/src/utils/getNameId.js","statementMap":{"0":{"start":{"line":3,"column":25},"end":{"line":14,"column":1}},"1":{"start":{"line":4,"column":29},"end":{"line":6,"column":35}},"2":{"start":{"line":8,"column":39},"end":{"line":11,"column":3}},"3":{"start":{"line":13,"column":2},"end":{"line":13,"column":65}}},"fnMap":{"0":{"name":"(anonymous_0)","decl":{"start":{"line":3,"column":25},"end":{"line":3,"column":26}},"loc":{"start":{"line":3,"column":35},"end":{"line":14,"column":1}},"line":3}},"branchMap":{},"s":{"0":0,"1":0,"2":0,"3":0},"f":{"0":0},"b":{}}
,"/Users/noel/Desktop/AGENCIA SERVITEC/korekenke/packages/hosting/src/utils/getUrlPublic.js": {"path":"/Users/noel/Desktop/AGENCIA SERVITEC/korekenke/packages/hosting/src/utils/getUrlPublic.js","statementMap":{"0":{"start":{"line":5,"column":28},"end":{"line":15,"column":1}},"1":{"start":{"line":6,"column":15},"end":{"line":10,"column":3}},"2":{"start":{"line":14,"column":2},"end":{"line":14,"column":84}}},"fnMap":{"0":{"name":"(anonymous_0)","decl":{"start":{"line":5,"column":28},"end":{"line":5,"column":29}},"loc":{"start":{"line":5,"column":52},"end":{"line":15,"column":1}},"line":5}},"branchMap":{},"s":{"0":0,"1":0,"2":0},"f":{"0":0},"b":{}}
,"/Users/noel/Desktop/AGENCIA SERVITEC/korekenke/packages/hosting/src/utils/index.js": {"path":"/Users/noel/Desktop/AGENCIA SERVITEC/korekenke/packages/hosting/src/utils/index.js","statementMap":{},"fnMap":{},"branchMap":{},"s":{},"f":{},"b":{}}
,"/Users/noel/Desktop/AGENCIA SERVITEC/korekenke/packages/hosting/src/utils/isType.js": {"path":"/Users/noel/Desktop/AGENCIA SERVITEC/korekenke/packages/hosting/src/utils/isType.js","statementMap":{"0":{"start":{"line":3,"column":22},"end":{"line":3,"column":54}},"1":{"start":{"line":3,"column":44},"end":{"line":3,"column":54}},"2":{"start":{"line":5,"column":28},"end":{"line":5,"column":70}},"3":{"start":{"line":5,"column":38},"end":{"line":5,"column":70}}},"fnMap":{"0":{"name":"(anonymous_0)","decl":{"start":{"line":3,"column":22},"end":{"line":3,"column":23}},"loc":{"start":{"line":3,"column":44},"end":{"line":3,"column":54}},"line":3},"1":{"name":"(anonymous_1)","decl":{"start":{"line":5,"column":28},"end":{"line":5,"column":29}},"loc":{"start":{"line":5,"column":38},"end":{"line":5,"column":70}},"line":5}},"branchMap":{"0":{"loc":{"start":{"line":5,"column":38},"end":{"line":5,"column":70}},"type":"binary-expr","locations":[{"start":{"line":5,"column":38},"end":{"line":5,"column":52}},{"start":{"line":5,"column":56},"end":{"line":5,"column":70}}],"line":5}},"s":{"0":0,"1":0,"2":0,"3":0},"f":{"0":0,"1":0},"b":{"0":[0,0]}}
,"/Users/noel/Desktop/AGENCIA SERVITEC/korekenke/packages/hosting/src/utils/loader.js": {"path":"/Users/noel/Desktop/AGENCIA SERVITEC/korekenke/packages/hosting/src/utils/loader.js","statementMap":{"0":{"start":{"line":5,"column":26},"end":{"line":15,"column":1}},"1":{"start":{"line":6,"column":2},"end":{"line":14,"column":4}},"2":{"start":{"line":17,"column":31},"end":{"line":27,"column":1}},"3":{"start":{"line":18,"column":2},"end":{"line":26,"column":4}},"4":{"start":{"line":29,"column":28},"end":{"line":43,"column":1}},"5":{"start":{"line":30,"column":26},"end":{"line":30,"column":61}},"6":{"start":{"line":31,"column":27},"end":{"line":31,"column":62}},"7":{"start":{"line":35,"column":28},"end":{"line":35,"column":32}}},"fnMap":{"0":{"name":"(anonymous_0)","decl":{"start":{"line":5,"column":26},"end":{"line":5,"column":27}},"loc":{"start":{"line":5,"column":32},"end":{"line":15,"column":1}},"line":5},"1":{"name":"(anonymous_1)","decl":{"start":{"line":17,"column":31},"end":{"line":17,"column":32}},"loc":{"start":{"line":17,"column":37},"end":{"line":27,"column":1}},"line":17},"2":{"name":"(anonymous_2)","decl":{"start":{"line":30,"column":11},"end":{"line":30,"column":12}},"loc":{"start":{"line":30,"column":26},"end":{"line":30,"column":61}},"line":30},"3":{"name":"(anonymous_3)","decl":{"start":{"line":31,"column":12},"end":{"line":31,"column":13}},"loc":{"start":{"line":31,"column":27},"end":{"line":31,"column":62}},"line":31},"4":{"name":"(anonymous_4)","decl":{"start":{"line":35,"column":14},"end":{"line":35,"column":15}},"loc":{"start":{"line":35,"column":28},"end":{"line":35,"column":32}},"line":35}},"branchMap":{"0":{"loc":{"start":{"line":30,"column":26},"end":{"line":30,"column":61}},"type":"cond-expr","locations":[{"start":{"line":30,"column":45},"end":{"line":30,"column":51}},{"start":{"line":30,"column":54},"end":{"line":30,"column":61}}],"line":30},"1":{"loc":{"start":{"line":31,"column":27},"end":{"line":31,"column":62}},"type":"cond-expr","locations":[{"start":{"line":31,"column":46},"end":{"line":31,"column":52}},{"start":{"line":31,"column":55},"end":{"line":31,"column":62}}],"line":31}},"s":{"0":0,"1":0,"2":0,"3":0,"4":0,"5":0,"6":0,"7":0},"f":{"0":0,"1":0,"2":0,"3":0,"4":0},"b":{"0":[0,0],"1":[0,0]}}
,"/Users/noel/Desktop/AGENCIA SERVITEC/korekenke/packages/hosting/src/utils/localStorage.js": {"path":"/Users/noel/Desktop/AGENCIA SERVITEC/korekenke/packages/hosting/src/utils/localStorage.js","statementMap":{"0":{"start":{"line":1,"column":31},"end":{"line":3,"column":1}},"1":{"start":{"line":2,"column":2},"end":{"line":2,"column":50}},"2":{"start":{"line":5,"column":31},"end":{"line":7,"column":1}},"3":{"start":{"line":6,"column":2},"end":{"line":6,"column":47}},"4":{"start":{"line":9,"column":33},"end":{"line":11,"column":1}},"5":{"start":{"line":10,"column":2},"end":{"line":10,"column":23}}},"fnMap":{"0":{"name":"(anonymous_0)","decl":{"start":{"line":1,"column":31},"end":{"line":1,"column":32}},"loc":{"start":{"line":1,"column":46},"end":{"line":3,"column":1}},"line":1},"1":{"name":"(anonymous_1)","decl":{"start":{"line":5,"column":31},"end":{"line":5,"column":32}},"loc":{"start":{"line":5,"column":40},"end":{"line":7,"column":1}},"line":5},"2":{"name":"(anonymous_2)","decl":{"start":{"line":9,"column":33},"end":{"line":9,"column":34}},"loc":{"start":{"line":9,"column":39},"end":{"line":11,"column":1}},"line":9}},"branchMap":{},"s":{"0":0,"1":0,"2":0,"3":0,"4":0,"5":0},"f":{"0":0,"1":0,"2":0},"b":{}}
,"/Users/noel/Desktop/AGENCIA SERVITEC/korekenke/packages/hosting/src/utils/promised.js": {"path":"/Users/noel/Desktop/AGENCIA SERVITEC/korekenke/packages/hosting/src/utils/promised.js","statementMap":{"0":{"start":{"line":1,"column":32},"end":{"line":2,"column":69}},"1":{"start":{"line":2,"column":2},"end":{"line":2,"column":69}},"2":{"start":{"line":2,"column":27},"end":{"line":2,"column":68}},"3":{"start":{"line":2,"column":58},"end":{"line":2,"column":67}},"4":{"start":{"line":4,"column":30},"end":{"line":5,"column":51}},"5":{"start":{"line":5,"column":2},"end":{"line":5,"column":51}},"6":{"start":{"line":5,"column":27},"end":{"line":5,"column":50}}},"fnMap":{"0":{"name":"(anonymous_0)","decl":{"start":{"line":1,"column":32},"end":{"line":1,"column":33}},"loc":{"start":{"line":2,"column":2},"end":{"line":2,"column":69}},"line":2},"1":{"name":"(anonymous_1)","decl":{"start":{"line":2,"column":14},"end":{"line":2,"column":15}},"loc":{"start":{"line":2,"column":27},"end":{"line":2,"column":68}},"line":2},"2":{"name":"(anonymous_2)","decl":{"start":{"line":2,"column":52},"end":{"line":2,"column":53}},"loc":{"start":{"line":2,"column":58},"end":{"line":2,"column":67}},"line":2},"3":{"name":"(anonymous_3)","decl":{"start":{"line":4,"column":30},"end":{"line":4,"column":31}},"loc":{"start":{"line":5,"column":2},"end":{"line":5,"column":51}},"line":5},"4":{"name":"(anonymous_4)","decl":{"start":{"line":5,"column":14},"end":{"line":5,"column":15}},"loc":{"start":{"line":5,"column":27},"end":{"line":5,"column":50}},"line":5}},"branchMap":{},"s":{"0":0,"1":0,"2":0,"3":0,"4":0,"5":0,"6":0},"f":{"0":0,"1":0,"2":0,"3":0,"4":0},"b":{}}
,"/Users/noel/Desktop/AGENCIA SERVITEC/korekenke/packages/hosting/src/utils/removeAcents.js": {"path":"/Users/noel/Desktop/AGENCIA SERVITEC/korekenke/packages/hosting/src/utils/removeAcents.js","statementMap":{"0":{"start":{"line":1,"column":29},"end":{"line":3,"column":1}},"1":{"start":{"line":2,"column":2},"end":{"line":2,"column":62}}},"fnMap":{"0":{"name":"(anonymous_0)","decl":{"start":{"line":1,"column":29},"end":{"line":1,"column":30}},"loc":{"start":{"line":1,"column":38},"end":{"line":3,"column":1}},"line":1}},"branchMap":{},"s":{"0":0,"1":0},"f":{"0":0},"b":{}}
,"/Users/noel/Desktop/AGENCIA SERVITEC/korekenke/packages/hosting/src/utils/searchify.js": {"path":"/Users/noel/Desktop/AGENCIA SERVITEC/korekenke/packages/hosting/src/utils/searchify.js","statementMap":{"0":{"start":{"line":3,"column":25},"end":{"line":12,"column":27}},"1":{"start":{"line":4,"column":2},"end":{"line":12,"column":27}},"2":{"start":{"line":6,"column":6},"end":{"line":10,"column":39}},"3":{"start":{"line":12,"column":22},"end":{"line":12,"column":26}}},"fnMap":{"0":{"name":"(anonymous_0)","decl":{"start":{"line":3,"column":25},"end":{"line":3,"column":26}},"loc":{"start":{"line":4,"column":2},"end":{"line":12,"column":27}},"line":4},"1":{"name":"(anonymous_1)","decl":{"start":{"line":5,"column":9},"end":{"line":5,"column":10}},"loc":{"start":{"line":6,"column":6},"end":{"line":10,"column":39}},"line":6},"2":{"name":"(anonymous_2)","decl":{"start":{"line":12,"column":12},"end":{"line":12,"column":13}},"loc":{"start":{"line":12,"column":22},"end":{"line":12,"column":26}},"line":12}},"branchMap":{},"s":{"0":0,"1":0,"2":0,"3":0},"f":{"0":0,"1":0,"2":0},"b":{}}
,"/Users/noel/Desktop/AGENCIA SERVITEC/korekenke/packages/hosting/src/utils/users/dataFiltersAndQueries.js": {"path":"/Users/noel/Desktop/AGENCIA SERVITEC/korekenke/packages/hosting/src/utils/users/dataFiltersAndQueries.js","statementMap":{"0":{"start":{"line":4,"column":24},"end":{"line":7,"column":1}},"1":{"start":{"line":5,"column":24},"end":{"line":5,"column":39}},"2":{"start":{"line":6,"column":2},"end":{"line":6,"column":56}},"3":{"start":{"line":6,"column":34},"end":{"line":6,"column":54}},"4":{"start":{"line":9,"column":26},"end":{"line":12,"column":3}},"5":{"start":{"line":10,"column":2},"end":{"line":12,"column":3}},"6":{"start":{"line":10,"column":38},"end":{"line":10,"column":56}},"7":{"start":{"line":11,"column":16},"end":{"line":11,"column":43}}},"fnMap":{"0":{"name":"(anonymous_0)","decl":{"start":{"line":4,"column":24},"end":{"line":4,"column":25}},"loc":{"start":{"line":4,"column":38},"end":{"line":7,"column":1}},"line":4},"1":{"name":"(anonymous_1)","decl":{"start":{"line":6,"column":24},"end":{"line":6,"column":25}},"loc":{"start":{"line":6,"column":34},"end":{"line":6,"column":54}},"line":6},"2":{"name":"(anonymous_2)","decl":{"start":{"line":9,"column":26},"end":{"line":9,"column":27}},"loc":{"start":{"line":10,"column":2},"end":{"line":12,"column":3}},"line":10},"3":{"name":"(anonymous_3)","decl":{"start":{"line":10,"column":22},"end":{"line":10,"column":23}},"loc":{"start":{"line":10,"column":38},"end":{"line":10,"column":56}},"line":10},"4":{"name":"(anonymous_4)","decl":{"start":{"line":11,"column":4},"end":{"line":11,"column":5}},"loc":{"start":{"line":11,"column":16},"end":{"line":11,"column":43}},"line":11}},"branchMap":{},"s":{"0":0,"1":0,"2":0,"3":0,"4":0,"5":0,"6":0,"7":0},"f":{"0":0,"1":0,"2":0,"3":0,"4":0},"b":{}}
,"/Users/noel/Desktop/AGENCIA SERVITEC/korekenke/packages/hosting/src/utils/users/getTypeForAssignedToByRoleCode.js": {"path":"/Users/noel/Desktop/AGENCIA SERVITEC/korekenke/packages/hosting/src/utils/users/getTypeForAssignedToByRoleCode.js","statementMap":{"0":{"start":{"line":3,"column":46},"end":{"line":11,"column":1}},"1":{"start":{"line":4,"column":28},"end":{"line":6,"column":3}},"2":{"start":{"line":5,"column":4},"end":{"line":5,"column":46}},"3":{"start":{"line":8,"column":2},"end":{"line":8,"column":38}},"4":{"start":{"line":8,"column":26},"end":{"line":8,"column":38}},"5":{"start":{"line":10,"column":2},"end":{"line":10,"column":32}}},"fnMap":{"0":{"name":"(anonymous_0)","decl":{"start":{"line":3,"column":46},"end":{"line":3,"column":47}},"loc":{"start":{"line":3,"column":60},"end":{"line":11,"column":1}},"line":3},"1":{"name":"(anonymous_1)","decl":{"start":{"line":4,"column":52},"end":{"line":4,"column":53}},"loc":{"start":{"line":5,"column":4},"end":{"line":5,"column":46}},"line":5}},"branchMap":{"0":{"loc":{"start":{"line":8,"column":2},"end":{"line":8,"column":38}},"type":"if","locations":[{"start":{"line":8,"column":2},"end":{"line":8,"column":38}},{"start":{},"end":{}}],"line":8}},"s":{"0":1,"1":5,"2":14,"3":5,"4":1,"5":4},"f":{"0":5,"1":14},"b":{"0":[1,4]},"_coverageSchema":"1a1c01bbd47fc00a2c39e90264f33305004495a9","hash":"be3f74bce969b80784bf5ae94e0afe7af7e7f6c4"}
,"/Users/noel/Desktop/AGENCIA SERVITEC/korekenke/packages/hosting/src/utils/users/index.js": {"path":"/Users/noel/Desktop/AGENCIA SERVITEC/korekenke/packages/hosting/src/utils/users/index.js","statementMap":{},"fnMap":{},"branchMap":{},"s":{},"f":{},"b":{}}
}
